Using pre-set license
Built from '2022.3/release' branch; Version is '2022.3.5f1 (9674261d40ee) revision 9860134'; Using compiler version '192829333'; Build Type 'Release'
OS: 'Windows 10  (10.0.19045) 64bit Professional' Language: 'zh' Physical Memory: 16303 MB
BatchMode: 1, IsHumanControllingUs: 0, StartBugReporterOnCrash: 0, Is64bit: 1, IsPro: 1

COMMAND LINE ARGUMENTS:
D:\Program Files\Unity\Hub\Editor\2022.3.5f1\Editor\Unity.exe
-adb2
-batchMode
-noUpm
-name
AssetImportWorker0
-projectPath
D:/Study/TAProjectAll2_/CustomSRP/My project
-logFile
Logs/AssetImportWorker0.log
-srvPort
63899
Successfully changed project path to: D:/Study/TAProjectAll2_/CustomSRP/My project
D:/Study/TAProjectAll2_/CustomSRP/My project
[UnityMemory] Configuration Parameters - Can be set up in boot.config
    "memorysetup-bucket-allocator-granularity=16"
    "memorysetup-bucket-allocator-bucket-count=8"
    "memorysetup-bucket-allocator-block-size=33554432"
    "memorysetup-bucket-allocator-block-count=8"
    "memorysetup-main-allocator-block-size=16777216"
    "memorysetup-thread-allocator-block-size=16777216"
    "memorysetup-gfx-main-allocator-block-size=16777216"
    "memorysetup-gfx-thread-allocator-block-size=16777216"
    "memorysetup-cache-allocator-block-size=4194304"
    "memorysetup-typetree-allocator-block-size=2097152"
    "memorysetup-profiler-bucket-allocator-granularity=16"
    "memorysetup-profiler-bucket-allocator-bucket-count=8"
    "memorysetup-profiler-bucket-allocator-block-size=33554432"
    "memorysetup-profiler-bucket-allocator-block-count=8"
    "memorysetup-profiler-allocator-block-size=16777216"
    "memorysetup-profiler-editor-allocator-block-size=1048576"
    "memorysetup-temp-allocator-size-main=16777216"
    "memorysetup-job-temp-allocator-block-size=2097152"
    "memorysetup-job-temp-allocator-block-size-background=1048576"
    "memorysetup-job-temp-allocator-reduction-small-platforms=262144"
    "memorysetup-allocator-temp-initial-block-size-main=262144"
    "memorysetup-allocator-temp-initial-block-size-worker=262144"
    "memorysetup-temp-allocator-size-background-worker=32768"
    "memorysetup-temp-allocator-size-job-worker=262144"
    "memorysetup-temp-allocator-size-preload-manager=33554432"
    "memorysetup-temp-allocator-size-nav-mesh-worker=65536"
    "memorysetup-temp-allocator-size-audio-worker=65536"
    "memorysetup-temp-allocator-size-cloud-worker=32768"
    "memorysetup-temp-allocator-size-gi-baking-worker=262144"
    "memorysetup-temp-allocator-size-gfx=262144"
Player connection [9748] Host "[IP] 169.254.64.27 [Port] 0 [Flags] 2 [Guid] 2765870603 [EditorId] 2765870603 [Version] 1048832 [Id] WindowsEditor(7,LAPTOP-SS9CA89S) [Debug] 1 [PackageName] WindowsEditor [ProjectName] Editor" joined multi-casting on [225.0.0.222:54997]...

Player connection [9748] Host "[IP] 169.254.64.27 [Port] 0 [Flags] 2 [Guid] 2765870603 [EditorId] 2765870603 [Version] 1048832 [Id] WindowsEditor(7,LAPTOP-SS9CA89S) [Debug] 1 [PackageName] WindowsEditor [ProjectName] Editor" joined alternative multi-casting on [225.0.0.222:34997]...

Refreshing native plugins compatible for Editor in 8.89 ms, found 3 plugins.
Preloading 0 native plugins for Editor in 0.00 ms.
Initialize engine version: 2022.3.5f1 (9674261d40ee)
[Subsystems] Discovering subsystems at path D:/Program Files/Unity/Hub/Editor/2022.3.5f1/Editor/Data/Resources/UnitySubsystems
[Subsystems] Discovering subsystems at path D:/Study/TAProjectAll2_/CustomSRP/My project/Assets
GfxDevice: creating device client; threaded=0; jobified=0
Direct3D:
    Version:  Direct3D 11.0 [level 11.1]
    Renderer: NVIDIA GeForce RTX 2060 (ID=0x1f11)
    Vendor:   NVIDIA
    VRAM:     5968 MB
    Driver:   31.0.15.3141
Initialize mono
Mono path[0] = 'D:/Program Files/Unity/Hub/Editor/2022.3.5f1/Editor/Data/Managed'
Mono path[1] = 'D:/Program Files/Unity/Hub/Editor/2022.3.5f1/Editor/Data/MonoBleedingEdge/lib/mono/unityjit-win32'
Mono config path = 'D:/Program Files/Unity/Hub/Editor/2022.3.5f1/Editor/Data/MonoBleedingEdge/etc'
Using monoOptions --debugger-agent=transport=dt_socket,embedding=1,server=y,suspend=n,address=127.0.0.1:56516
Begin MonoManager ReloadAssembly
Registering precompiled unity dll's ...
Register platform support module: D:/Program Files/Unity/Hub/Editor/2022.3.5f1/Editor/Data/PlaybackEngines/WindowsStandaloneSupport/UnityEditor.WindowsStandalone.Extensions.dll
Registered in 0.005862 seconds.
- Loaded All Assemblies, in  0.401 seconds
Native extension for WindowsStandalone target not found
Mono: successfully reloaded assembly
- Finished resetting the current domain, in  0.287 seconds
Domain Reload Profiling: 687ms
	BeginReloadAssembly (145ms)
		ExecutionOrderSort (0ms)
		DisableScriptedObjects (0ms)
		BackupInstance (0ms)
		ReleaseScriptingObjects (0ms)
		CreateAndSetChildDomain (1ms)
	RebuildCommonClasses (37ms)
	RebuildNativeTypeToScriptingClass (16ms)
	initialDomainReloadingComplete (57ms)
	LoadAllAssembliesAndSetupDomain (145ms)
		LoadAssemblies (146ms)
		RebuildTransferFunctionScriptingTraits (0ms)
		AnalyzeDomain (140ms)
			TypeCache.Refresh (139ms)
				TypeCache.ScanAssembly (125ms)
			ScanForSourceGeneratedMonoScriptInfo (0ms)
			ResolveRequiredComponents (1ms)
	FinalizeReload (287ms)
		ReleaseScriptCaches (0ms)
		RebuildScriptCaches (0ms)
		SetupLoadedEditorAssemblies (215ms)
			LogAssemblyErrors (0ms)
			InitializePlatformSupportModulesInManaged (10ms)
			SetLoadedEditorAssemblies (10ms)
			RefreshPlugins (0ms)
			BeforeProcessingInitializeOnLoad (2ms)
			ProcessInitializeOnLoadAttributes (142ms)
			ProcessInitializeOnLoadMethodAttributes (52ms)
			AfterProcessingInitializeOnLoad (0ms)
			EditorAssembliesLoaded (0ms)
		ExecutionOrderSort2 (0ms)
		AwakeInstancesAfterBackupRestoration (0ms)
========================================================================
Worker process is ready to serve import requests
Begin MonoManager ReloadAssembly
Symbol file LoadedFromMemory doesn't match image D:\Study\TAProjectAll2_\CustomSRP\My project\Library\PackageCache\com.unity.visualscripting@1.8.0\Editor\VisualScripting.Core\Dependencies\YamlDotNet\Unity.VisualScripting.YamlDotNet.dll
Symbol file LoadedFromMemory doesn't match image D:\Study\TAProjectAll2_\CustomSRP\My project\Library\PackageCache\com.unity.visualscripting@1.8.0\Editor\VisualScripting.Core\Dependencies\DotNetZip\Unity.VisualScripting.IonicZip.dll
- Loaded All Assemblies, in  0.957 seconds
Refreshing native plugins compatible for Editor in 3.45 ms, found 3 plugins.
Native extension for WindowsStandalone target not found
Mono: successfully reloaded assembly
- Finished resetting the current domain, in  0.636 seconds
Domain Reload Profiling: 1592ms
	BeginReloadAssembly (200ms)
		ExecutionOrderSort (0ms)
		DisableScriptedObjects (7ms)
		BackupInstance (0ms)
		ReleaseScriptingObjects (0ms)
		CreateAndSetChildDomain (28ms)
	RebuildCommonClasses (41ms)
	RebuildNativeTypeToScriptingClass (14ms)
	initialDomainReloadingComplete (47ms)
	LoadAllAssembliesAndSetupDomain (653ms)
		LoadAssemblies (395ms)
		RebuildTransferFunctionScriptingTraits (0ms)
		AnalyzeDomain (380ms)
			TypeCache.Refresh (356ms)
				TypeCache.ScanAssembly (341ms)
			ScanForSourceGeneratedMonoScriptInfo (18ms)
			ResolveRequiredComponents (6ms)
	FinalizeReload (637ms)
		ReleaseScriptCaches (0ms)
		RebuildScriptCaches (0ms)
		SetupLoadedEditorAssemblies (462ms)
			LogAssemblyErrors (0ms)
			InitializePlatformSupportModulesInManaged (5ms)
			SetLoadedEditorAssemblies (7ms)
			RefreshPlugins (0ms)
			BeforeProcessingInitializeOnLoad (101ms)
			ProcessInitializeOnLoadAttributes (273ms)
			ProcessInitializeOnLoadMethodAttributes (72ms)
			AfterProcessingInitializeOnLoad (4ms)
			EditorAssembliesLoaded (0ms)
		ExecutionOrderSort2 (0ms)
		AwakeInstancesAfterBackupRestoration (8ms)
Launched and connected shader compiler UnityShaderCompiler.exe after 0.06 seconds
Refreshing native plugins compatible for Editor in 5.10 ms, found 3 plugins.
Preloading 0 native plugins for Editor in 0.00 ms.
Unloading 3434 Unused Serialized files (Serialized files now loaded: 0)
Unloading 42 unused Assets / (344.8 KB). Loaded Objects now: 3899.
Memory consumption went from 126.6 MB to 126.3 MB.
Total: 5.789400 ms (FindLiveObjects: 0.288400 ms CreateObjectMapping: 0.301600 ms MarkObjects: 5.020800 ms  DeleteObjects: 0.177600 ms)

AssetImportParameters requested are different than current active one (requested -> active):
  custom:container-demuxer-ogg: 62fdf1f143b41e24485cea50d1cbac27 -> 
  custom:video-codec-MediaFoundation-h265: 746d11721c4dcdbdad8f713fa42b33f4 -> 
  custom:video-decoder-ogg-theora: a1e56fd34408186e4bbccfd4996cb3dc -> 
  custom:framework-win-MediaFoundation: 216162199b28c13a410421893ffa2e32 -> 
  custom:CustomObjectIndexerAttribute: 756ad292c208cfabdd7b50bc23989ffe -> 
  custom:container-demuxer-webm: 4f35f7cbe854078d1ac9338744f61a02 -> 
  custom:container-muxer-webm: aa71ff27fc2769a1b78a27578f13a17b -> 
  custom:video-decoder-webm-vp8: 9c59270c3fd7afecdb556c50c9e8de78 -> 
  custom:AudioImporter_EditorPlatform: d09bf68614088b80899f8185d706f6e7 -> 
  custom:video-encoder-webm-vp8: eb34c28f22e8b96e1ab97ce403110664 -> 
  custom:audio-decoder-ogg-vorbis: bf7c407c2cedff20999df2af8eb42d56 -> 
  custom:audio-encoder-webm-vorbis: bf7c407c2cedff20999df2af8eb42d56 -> 
========================================================================
Received Import Request.
  Time since last request: 1242641.229007 seconds.
  path: Assets/Scenes/Scene2/Unlit.mat
  artifactKey: Guid(c5df8a700b925e74e899a717371c940b) Importer(815301076,1909f56bfc062723c751e8b465ee728b)
Start importing Assets/Scenes/Scene2/Unlit.mat using Guid(c5df8a700b925e74e899a717371c940b) Importer(815301076,1909f56bfc062723c751e8b465ee728b)  -> (artifact id: '5daf9b9a8b8f86548ff03d1dffae8887') in 0.005084 seconds
Number of updated asset objects reloaded before import = 0
Number of asset objects unloaded after import = 1
========================================================================
Received Import Request.
  Time since last request: 0.000029 seconds.
  path: Assets/Scenes/Scene2/Scene2.unity
  artifactKey: Guid(9e8ff3d381a408e438fc1dacc08accb3) Importer(815301076,1909f56bfc062723c751e8b465ee728b)
Start importing Assets/Scenes/Scene2/Scene2.unity using Guid(9e8ff3d381a408e438fc1dacc08accb3) Importer(815301076,1909f56bfc062723c751e8b465ee728b)  -> (artifact id: '66ba0eca161b355d43fde8b26e0f0e1e') in 0.000642 seconds
Number of updated asset objects reloaded before import = 0
Number of asset objects unloaded after import = 0
========================================================================
Received Import Request.
  Time since last request: 9112.387639 seconds.
  path: Assets/Shaders/UnlitPass.hlsl
  artifactKey: Guid(9170b3e567b439f49ad4c0d74427f61d) Importer(815301076,1909f56bfc062723c751e8b465ee728b)
Start importing Assets/Shaders/UnlitPass.hlsl using Guid(9170b3e567b439f49ad4c0d74427f61d) Importer(815301076,1909f56bfc062723c751e8b465ee728b)  -> (artifact id: '474324d1ec02a6ebffa855bd3d680c7a') in 0.001190 seconds
Number of updated asset objects reloaded before import = 0
Number of asset objects unloaded after import = 1
========================================================================
Received Import Request.
  Time since last request: 0.509295 seconds.
  path: Assets/ShaderLibrary/UnityInput.hlsl
  artifactKey: Guid(0ede74cbe0b3c724ebcc25f1a2fb5362) Importer(815301076,1909f56bfc062723c751e8b465ee728b)
Start importing Assets/ShaderLibrary/UnityInput.hlsl using Guid(0ede74cbe0b3c724ebcc25f1a2fb5362) Importer(815301076,1909f56bfc062723c751e8b465ee728b)  -> (artifact id: '8ca3e934e3f4c926f625644afb1462bd') in 0.001073 seconds
Number of updated asset objects reloaded before import = 0
Number of asset objects unloaded after import = 1
========================================================================
Received Import Request.
  Time since last request: 7103.321112 seconds.
  path: Assets/CustomRP/Runtime/CameraRenderer.cs
  artifactKey: Guid(79a58c033d3037d4d80cf3f5f8cdb8be) Importer(815301076,1909f56bfc062723c751e8b465ee728b)
Start importing Assets/CustomRP/Runtime/CameraRenderer.cs using Guid(79a58c033d3037d4d80cf3f5f8cdb8be) Importer(815301076,1909f56bfc062723c751e8b465ee728b)  -> (artifact id: '327c737505812be3a886018a528e63d0') in 0.003833 seconds
Number of updated asset objects reloaded before import = 0
Number of asset objects unloaded after import = 0
========================================================================
Received Import Request.
  Time since last request: 269.401736 seconds.
  path: Assets/Shaders/Unlit.shader
  artifactKey: Guid(4be0cf731a2924c45b29c428f0536aac) Importer(815301076,1909f56bfc062723c751e8b465ee728b)
Start importing Assets/Shaders/Unlit.shader using Guid(4be0cf731a2924c45b29c428f0536aac) Importer(815301076,1909f56bfc062723c751e8b465ee728b)  -> (artifact id: 'f5bb8e64f746581a455eb58d4b57d408') in 0.007493 seconds
Number of updated asset objects reloaded before import = 1
Number of asset objects unloaded after import = 0
========================================================================
Received Import Request.
  Time since last request: 117.738290 seconds.
  path: Assets/Shaders/Unlit.shader
  artifactKey: Guid(4be0cf731a2924c45b29c428f0536aac) Importer(815301076,1909f56bfc062723c751e8b465ee728b)
Start importing Assets/Shaders/Unlit.shader using Guid(4be0cf731a2924c45b29c428f0536aac) Importer(815301076,1909f56bfc062723c751e8b465ee728b)  -> (artifact id: 'c4eee0e0015d02bac4e0a5fc4fdff5b8') in 0.000767 seconds
Number of updated asset objects reloaded before import = 1
Number of asset objects unloaded after import = 0
========================================================================
Received Import Request.
  Time since last request: 34.538509 seconds.
  path: Assets/Shaders/UnlitPass.hlsl
  artifactKey: Guid(9170b3e567b439f49ad4c0d74427f61d) Importer(815301076,1909f56bfc062723c751e8b465ee728b)
Start importing Assets/Shaders/UnlitPass.hlsl using Guid(9170b3e567b439f49ad4c0d74427f61d) Importer(815301076,1909f56bfc062723c751e8b465ee728b)  -> (artifact id: '461c2778646d6c88fa3f44074150d3e1') in 0.001562 seconds
Number of updated asset objects reloaded before import = 0
Number of asset objects unloaded after import = 1
========================================================================
Received Import Request.
  Time since last request: 1.380580 seconds.
  path: Assets/ShaderLibrary/UnityInput.hlsl
  artifactKey: Guid(0ede74cbe0b3c724ebcc25f1a2fb5362) Importer(815301076,1909f56bfc062723c751e8b465ee728b)
Start importing Assets/ShaderLibrary/UnityInput.hlsl using Guid(0ede74cbe0b3c724ebcc25f1a2fb5362) Importer(815301076,1909f56bfc062723c751e8b465ee728b)  -> (artifact id: '6fc9fe125914e58edbb9b10757fff8e9') in 0.001069 seconds
Number of updated asset objects reloaded before import = 0
Number of asset objects unloaded after import = 1
========================================================================
Received Import Request.
  Time since last request: 25.452867 seconds.
  path: Assets/CustomRP/Runtime/CustomRenderPipeline.cs
  artifactKey: Guid(d470a5f871ddab548a37f45cabd0ce8e) Importer(815301076,1909f56bfc062723c751e8b465ee728b)
Start importing Assets/CustomRP/Runtime/CustomRenderPipeline.cs using Guid(d470a5f871ddab548a37f45cabd0ce8e) Importer(815301076,1909f56bfc062723c751e8b465ee728b)  -> (artifact id: '8521d16182c63dd7f7a00c696f44e249') in 0.000786 seconds
Number of updated asset objects reloaded before import = 0
Number of asset objects unloaded after import = 0
========================================================================
Received Prepare
Begin MonoManager ReloadAssembly
Symbol file LoadedFromMemory doesn't match image D:\Study\TAProjectAll2_\CustomSRP\My project\Library\PackageCache\com.unity.visualscripting@1.8.0\Editor\VisualScripting.Core\Dependencies\YamlDotNet\Unity.VisualScripting.YamlDotNet.dll
Symbol file LoadedFromMemory doesn't match image D:\Study\TAProjectAll2_\CustomSRP\My project\Library\PackageCache\com.unity.visualscripting@1.8.0\Editor\VisualScripting.Core\Dependencies\DotNetZip\Unity.VisualScripting.IonicZip.dll
- Loaded All Assemblies, in  1.198 seconds
Refreshing native plugins compatible for Editor in 3.19 ms, found 3 plugins.
Native extension for WindowsStandalone target not found
Mono: successfully reloaded assembly
- Finished resetting the current domain, in  1.074 seconds
Domain Reload Profiling: 2272ms
	BeginReloadAssembly (432ms)
		ExecutionOrderSort (0ms)
		DisableScriptedObjects (11ms)
		BackupInstance (0ms)
		ReleaseScriptingObjects (0ms)
		CreateAndSetChildDomain (178ms)
	RebuildCommonClasses (55ms)
	RebuildNativeTypeToScriptingClass (17ms)
	initialDomainReloadingComplete (35ms)
	LoadAllAssembliesAndSetupDomain (657ms)
		LoadAssemblies (492ms)
		RebuildTransferFunctionScriptingTraits (0ms)
		AnalyzeDomain (342ms)
			TypeCache.Refresh (331ms)
				TypeCache.ScanAssembly (298ms)
			ScanForSourceGeneratedMonoScriptInfo (5ms)
			ResolveRequiredComponents (5ms)
	FinalizeReload (1075ms)
		ReleaseScriptCaches (0ms)
		RebuildScriptCaches (0ms)
		SetupLoadedEditorAssemblies (422ms)
			LogAssemblyErrors (0ms)
			InitializePlatformSupportModulesInManaged (7ms)
			SetLoadedEditorAssemblies (6ms)
			RefreshPlugins (0ms)
			BeforeProcessingInitializeOnLoad (102ms)
			ProcessInitializeOnLoadAttributes (229ms)
			ProcessInitializeOnLoadMethodAttributes (75ms)
			AfterProcessingInitializeOnLoad (3ms)
			EditorAssembliesLoaded (0ms)
		ExecutionOrderSort2 (0ms)
		AwakeInstancesAfterBackupRestoration (8ms)
Refreshing native plugins compatible for Editor in 3.02 ms, found 3 plugins.
Preloading 0 native plugins for Editor in 0.00 ms.
Unloading 3417 Unused Serialized files (Serialized files now loaded: 0)
Unloading 29 unused Assets / (316.9 KB). Loaded Objects now: 3903.
Memory consumption went from 123.5 MB to 123.2 MB.
Total: 3.672900 ms (FindLiveObjects: 0.257000 ms CreateObjectMapping: 0.214800 ms MarkObjects: 3.035000 ms  DeleteObjects: 0.165200 ms)

Prepare: number of updated asset objects reloaded= 0
AssetImportParameters requested are different than current active one (requested -> active):
  custom:container-demuxer-ogg: 62fdf1f143b41e24485cea50d1cbac27 -> 
  custom:video-codec-MediaFoundation-h265: 746d11721c4dcdbdad8f713fa42b33f4 -> 
  custom:video-decoder-ogg-theora: a1e56fd34408186e4bbccfd4996cb3dc -> 
  custom:framework-win-MediaFoundation: 216162199b28c13a410421893ffa2e32 -> 
  custom:CustomObjectIndexerAttribute: 756ad292c208cfabdd7b50bc23989ffe -> 
  custom:container-demuxer-webm: 4f35f7cbe854078d1ac9338744f61a02 -> 
  custom:container-muxer-webm: aa71ff27fc2769a1b78a27578f13a17b -> 
  custom:video-decoder-webm-vp8: 9c59270c3fd7afecdb556c50c9e8de78 -> 
  custom:AudioImporter_EditorPlatform: d09bf68614088b80899f8185d706f6e7 -> 
  custom:video-encoder-webm-vp8: eb34c28f22e8b96e1ab97ce403110664 -> 
  custom:audio-decoder-ogg-vorbis: bf7c407c2cedff20999df2af8eb42d56 -> 
  custom:audio-encoder-webm-vorbis: bf7c407c2cedff20999df2af8eb42d56 -> 
========================================================================
Received Import Request.
  Time since last request: 13.777542 seconds.
  path: Assets/CustomRP/Runtime/CustomRenderPipeline.cs
  artifactKey: Guid(d470a5f871ddab548a37f45cabd0ce8e) Importer(815301076,1909f56bfc062723c751e8b465ee728b)
Start importing Assets/CustomRP/Runtime/CustomRenderPipeline.cs using Guid(d470a5f871ddab548a37f45cabd0ce8e) Importer(815301076,1909f56bfc062723c751e8b465ee728b)  -> (artifact id: 'c75f69fa6b2e3d694534fd6f1cda4d0f') in 0.005338 seconds
Number of updated asset objects reloaded before import = 0
Number of asset objects unloaded after import = 0
========================================================================
Received Prepare
Begin MonoManager ReloadAssembly
Symbol file LoadedFromMemory doesn't match image D:\Study\TAProjectAll2_\CustomSRP\My project\Library\PackageCache\com.unity.visualscripting@1.8.0\Editor\VisualScripting.Core\Dependencies\YamlDotNet\Unity.VisualScripting.YamlDotNet.dll
Symbol file LoadedFromMemory doesn't match image D:\Study\TAProjectAll2_\CustomSRP\My project\Library\PackageCache\com.unity.visualscripting@1.8.0\Editor\VisualScripting.Core\Dependencies\DotNetZip\Unity.VisualScripting.IonicZip.dll
- Loaded All Assemblies, in  0.787 seconds
Refreshing native plugins compatible for Editor in 2.96 ms, found 3 plugins.
Native extension for WindowsStandalone target not found
Mono: successfully reloaded assembly
- Finished resetting the current domain, in  0.946 seconds
Domain Reload Profiling: 1733ms
	BeginReloadAssembly (197ms)
		ExecutionOrderSort (0ms)
		DisableScriptedObjects (5ms)
		BackupInstance (0ms)
		ReleaseScriptingObjects (0ms)
		CreateAndSetChildDomain (44ms)
	RebuildCommonClasses (36ms)
	RebuildNativeTypeToScriptingClass (13ms)
	initialDomainReloadingComplete (30ms)
	LoadAllAssembliesAndSetupDomain (510ms)
		LoadAssemblies (328ms)
		RebuildTransferFunctionScriptingTraits (0ms)
		AnalyzeDomain (299ms)
			TypeCache.Refresh (291ms)
				TypeCache.ScanAssembly (281ms)
			ScanForSourceGeneratedMonoScriptInfo (3ms)
			ResolveRequiredComponents (5ms)
	FinalizeReload (947ms)
		ReleaseScriptCaches (0ms)
		RebuildScriptCaches (0ms)
		SetupLoadedEditorAssemblies (404ms)
			LogAssemblyErrors (0ms)
			InitializePlatformSupportModulesInManaged (6ms)
			SetLoadedEditorAssemblies (6ms)
			RefreshPlugins (0ms)
			BeforeProcessingInitializeOnLoad (96ms)
			ProcessInitializeOnLoadAttributes (227ms)
			ProcessInitializeOnLoadMethodAttributes (66ms)
			AfterProcessingInitializeOnLoad (3ms)
			EditorAssembliesLoaded (0ms)
		ExecutionOrderSort2 (0ms)
		AwakeInstancesAfterBackupRestoration (10ms)
Refreshing native plugins compatible for Editor in 3.76 ms, found 3 plugins.
Preloading 0 native plugins for Editor in 0.00 ms.
Unloading 3417 Unused Serialized files (Serialized files now loaded: 0)
Unloading 29 unused Assets / (316.9 KB). Loaded Objects now: 3906.
Memory consumption went from 123.5 MB to 123.2 MB.
Total: 3.273800 ms (FindLiveObjects: 0.249900 ms CreateObjectMapping: 0.219300 ms MarkObjects: 2.706700 ms  DeleteObjects: 0.097000 ms)

Prepare: number of updated asset objects reloaded= 0
AssetImportParameters requested are different than current active one (requested -> active):
  custom:container-demuxer-ogg: 62fdf1f143b41e24485cea50d1cbac27 -> 
  custom:video-codec-MediaFoundation-h265: 746d11721c4dcdbdad8f713fa42b33f4 -> 
  custom:video-decoder-ogg-theora: a1e56fd34408186e4bbccfd4996cb3dc -> 
  custom:framework-win-MediaFoundation: 216162199b28c13a410421893ffa2e32 -> 
  custom:CustomObjectIndexerAttribute: 756ad292c208cfabdd7b50bc23989ffe -> 
  custom:container-demuxer-webm: 4f35f7cbe854078d1ac9338744f61a02 -> 
  custom:container-muxer-webm: aa71ff27fc2769a1b78a27578f13a17b -> 
  custom:video-decoder-webm-vp8: 9c59270c3fd7afecdb556c50c9e8de78 -> 
  custom:AudioImporter_EditorPlatform: d09bf68614088b80899f8185d706f6e7 -> 
  custom:video-encoder-webm-vp8: eb34c28f22e8b96e1ab97ce403110664 -> 
  custom:audio-decoder-ogg-vorbis: bf7c407c2cedff20999df2af8eb42d56 -> 
  custom:audio-encoder-webm-vorbis: bf7c407c2cedff20999df2af8eb42d56 -> 
========================================================================
Received Import Request.
  Time since last request: 115.243661 seconds.
  path: Assets/CustomRP/Examples
  artifactKey: Guid(0f1ddb20dd0f3bb449b7b00446ca5315) Importer(815301076,1909f56bfc062723c751e8b465ee728b)
Start importing Assets/CustomRP/Examples using Guid(0f1ddb20dd0f3bb449b7b00446ca5315) Importer(815301076,1909f56bfc062723c751e8b465ee728b)  -> (artifact id: 'bf49d4a5d83c4b5139c6c94d11ed5988') in 0.002339 seconds
Number of updated asset objects reloaded before import = 0
Number of asset objects unloaded after import = 0
========================================================================
Received Import Request.
  Time since last request: 18.925101 seconds.
  path: Assets/CustomRP/Examples/PerObjectMaterialProperties.cs
  artifactKey: Guid(5e16f05cb8b3dd642a09e9809dcd9b22) Importer(815301076,1909f56bfc062723c751e8b465ee728b)
Start importing Assets/CustomRP/Examples/PerObjectMaterialProperties.cs using Guid(5e16f05cb8b3dd642a09e9809dcd9b22) Importer(815301076,1909f56bfc062723c751e8b465ee728b)  -> (artifact id: '7e6878c7f5ceb1f8b333417ef827fa5e') in 0.001338 seconds
Number of updated asset objects reloaded before import = 0
Number of asset objects unloaded after import = 0
========================================================================
Received Prepare
Begin MonoManager ReloadAssembly
Symbol file LoadedFromMemory doesn't match image D:\Study\TAProjectAll2_\CustomSRP\My project\Library\PackageCache\com.unity.visualscripting@1.8.0\Editor\VisualScripting.Core\Dependencies\YamlDotNet\Unity.VisualScripting.YamlDotNet.dll
Symbol file LoadedFromMemory doesn't match image D:\Study\TAProjectAll2_\CustomSRP\My project\Library\PackageCache\com.unity.visualscripting@1.8.0\Editor\VisualScripting.Core\Dependencies\DotNetZip\Unity.VisualScripting.IonicZip.dll
- Loaded All Assemblies, in  0.781 seconds
Refreshing native plugins compatible for Editor in 2.92 ms, found 3 plugins.
Native extension for WindowsStandalone target not found
Mono: successfully reloaded assembly
- Finished resetting the current domain, in  0.933 seconds
Domain Reload Profiling: 1713ms
	BeginReloadAssembly (200ms)
		ExecutionOrderSort (0ms)
		DisableScriptedObjects (4ms)
		BackupInstance (0ms)
		ReleaseScriptingObjects (0ms)
		CreateAndSetChildDomain (38ms)
	RebuildCommonClasses (40ms)
	RebuildNativeTypeToScriptingClass (16ms)
	initialDomainReloadingComplete (34ms)
	LoadAllAssembliesAndSetupDomain (490ms)
		LoadAssemblies (329ms)
		RebuildTransferFunctionScriptingTraits (0ms)
		AnalyzeDomain (287ms)
			TypeCache.Refresh (279ms)
				TypeCache.ScanAssembly (267ms)
			ScanForSourceGeneratedMonoScriptInfo (3ms)
			ResolveRequiredComponents (5ms)
	FinalizeReload (933ms)
		ReleaseScriptCaches (0ms)
		RebuildScriptCaches (0ms)
		SetupLoadedEditorAssemblies (411ms)
			LogAssemblyErrors (0ms)
			InitializePlatformSupportModulesInManaged (7ms)
			SetLoadedEditorAssemblies (6ms)
			RefreshPlugins (0ms)
			BeforeProcessingInitializeOnLoad (93ms)
			ProcessInitializeOnLoadAttributes (233ms)
			ProcessInitializeOnLoadMethodAttributes (68ms)
			AfterProcessingInitializeOnLoad (3ms)
			EditorAssembliesLoaded (0ms)
		ExecutionOrderSort2 (0ms)
		AwakeInstancesAfterBackupRestoration (8ms)
Refreshing native plugins compatible for Editor in 2.89 ms, found 3 plugins.
Preloading 0 native plugins for Editor in 0.00 ms.
Unloading 3418 Unused Serialized files (Serialized files now loaded: 0)
Unloading 29 unused Assets / (316.9 KB). Loaded Objects now: 3910.
Memory consumption went from 123.5 MB to 123.2 MB.
Total: 3.339500 ms (FindLiveObjects: 0.265100 ms CreateObjectMapping: 0.334200 ms MarkObjects: 2.628600 ms  DeleteObjects: 0.110800 ms)

Prepare: number of updated asset objects reloaded= 0
AssetImportParameters requested are different than current active one (requested -> active):
  custom:container-demuxer-ogg: 62fdf1f143b41e24485cea50d1cbac27 -> 
  custom:video-codec-MediaFoundation-h265: 746d11721c4dcdbdad8f713fa42b33f4 -> 
  custom:video-decoder-ogg-theora: a1e56fd34408186e4bbccfd4996cb3dc -> 
  custom:framework-win-MediaFoundation: 216162199b28c13a410421893ffa2e32 -> 
  custom:CustomObjectIndexerAttribute: 756ad292c208cfabdd7b50bc23989ffe -> 
  custom:container-demuxer-webm: 4f35f7cbe854078d1ac9338744f61a02 -> 
  custom:container-muxer-webm: aa71ff27fc2769a1b78a27578f13a17b -> 
  custom:video-decoder-webm-vp8: 9c59270c3fd7afecdb556c50c9e8de78 -> 
  custom:AudioImporter_EditorPlatform: d09bf68614088b80899f8185d706f6e7 -> 
  custom:video-encoder-webm-vp8: eb34c28f22e8b96e1ab97ce403110664 -> 
  custom:audio-decoder-ogg-vorbis: bf7c407c2cedff20999df2af8eb42d56 -> 
  custom:audio-encoder-webm-vorbis: bf7c407c2cedff20999df2af8eb42d56 -> 
========================================================================
Received Import Request.
  Time since last request: 47.671132 seconds.
  path: Assets/CustomRP/Examples/PerObjectMaterialProperties.cs
  artifactKey: Guid(5e16f05cb8b3dd642a09e9809dcd9b22) Importer(815301076,1909f56bfc062723c751e8b465ee728b)
Start importing Assets/CustomRP/Examples/PerObjectMaterialProperties.cs using Guid(5e16f05cb8b3dd642a09e9809dcd9b22) Importer(815301076,1909f56bfc062723c751e8b465ee728b)  -> (artifact id: '86a60d7b8812fd6af89953d518a64b66') in 0.002070 seconds
Number of updated asset objects reloaded before import = 0
Number of asset objects unloaded after import = 0
========================================================================
Received Import Request.
  Time since last request: 25.885264 seconds.
  path: Assets/CustomRP/Examples/PerObjectMaterialProperties.cs
  artifactKey: Guid(5e16f05cb8b3dd642a09e9809dcd9b22) Importer(815301076,1909f56bfc062723c751e8b465ee728b)
Start importing Assets/CustomRP/Examples/PerObjectMaterialProperties.cs using Guid(5e16f05cb8b3dd642a09e9809dcd9b22) Importer(815301076,1909f56bfc062723c751e8b465ee728b)  -> (artifact id: '223f5f6a82b16549a2739be4d8b61e4a') in 0.000444 seconds
Number of updated asset objects reloaded before import = 0
Number of asset objects unloaded after import = 0
========================================================================
Received Import Request.
  Time since last request: 5.001212 seconds.
  path: Assets/CustomRP/Examples/PerObjectMaterialProperties.cs
  artifactKey: Guid(5e16f05cb8b3dd642a09e9809dcd9b22) Importer(815301076,1909f56bfc062723c751e8b465ee728b)
Start importing Assets/CustomRP/Examples/PerObjectMaterialProperties.cs using Guid(5e16f05cb8b3dd642a09e9809dcd9b22) Importer(815301076,1909f56bfc062723c751e8b465ee728b)  -> (artifact id: '7b79fa6bda9a173e2266371bf2500792') in 0.000595 seconds
Number of updated asset objects reloaded before import = 0
Number of asset objects unloaded after import = 0
========================================================================
Received Import Request.
  Time since last request: 23.261649 seconds.
  path: Assets/CustomRP/Examples/PerObjectMaterialProperties.cs
  artifactKey: Guid(5e16f05cb8b3dd642a09e9809dcd9b22) Importer(815301076,1909f56bfc062723c751e8b465ee728b)
Start importing Assets/CustomRP/Examples/PerObjectMaterialProperties.cs using Guid(5e16f05cb8b3dd642a09e9809dcd9b22) Importer(815301076,1909f56bfc062723c751e8b465ee728b)  -> (artifact id: 'e1f78c60213ddfa5b91c9e29c66dc8bc') in 0.000393 seconds
Number of updated asset objects reloaded before import = 0
Number of asset objects unloaded after import = 0
========================================================================
Received Import Request.
  Time since last request: 12.598617 seconds.
  path: Assets/CustomRP/Examples/PerObjectMaterialProperties.cs
  artifactKey: Guid(5e16f05cb8b3dd642a09e9809dcd9b22) Importer(815301076,1909f56bfc062723c751e8b465ee728b)
Start importing Assets/CustomRP/Examples/PerObjectMaterialProperties.cs using Guid(5e16f05cb8b3dd642a09e9809dcd9b22) Importer(815301076,1909f56bfc062723c751e8b465ee728b)  -> (artifact id: '480925f727829afec38c971299b3945a') in 0.000396 seconds
Number of updated asset objects reloaded before import = 0
Number of asset objects unloaded after import = 0
========================================================================
Received Import Request.
  Time since last request: 8.315861 seconds.
  path: Assets/CustomRP/Examples/PerObjectMaterialProperties.cs
  artifactKey: Guid(5e16f05cb8b3dd642a09e9809dcd9b22) Importer(815301076,1909f56bfc062723c751e8b465ee728b)
Start importing Assets/CustomRP/Examples/PerObjectMaterialProperties.cs using Guid(5e16f05cb8b3dd642a09e9809dcd9b22) Importer(815301076,1909f56bfc062723c751e8b465ee728b)  -> (artifact id: '400aed115ee3f59ce74029613bd6fcf8') in 0.000590 seconds
Number of updated asset objects reloaded before import = 0
Number of asset objects unloaded after import = 0
========================================================================
Received Import Request.
  Time since last request: 6.988356 seconds.
  path: Assets/CustomRP/Examples/PerObjectMaterialProperties.cs
  artifactKey: Guid(5e16f05cb8b3dd642a09e9809dcd9b22) Importer(815301076,1909f56bfc062723c751e8b465ee728b)
Start importing Assets/CustomRP/Examples/PerObjectMaterialProperties.cs using Guid(5e16f05cb8b3dd642a09e9809dcd9b22) Importer(815301076,1909f56bfc062723c751e8b465ee728b)  -> (artifact id: '9fe9e8034710bbc2dbb1904380fcc12a') in 0.000468 seconds
Number of updated asset objects reloaded before import = 0
Number of asset objects unloaded after import = 0
========================================================================
Received Import Request.
  Time since last request: 2.672219 seconds.
  path: Assets/CustomRP/Examples/PerObjectMaterialProperties.cs
  artifactKey: Guid(5e16f05cb8b3dd642a09e9809dcd9b22) Importer(815301076,1909f56bfc062723c751e8b465ee728b)
Start importing Assets/CustomRP/Examples/PerObjectMaterialProperties.cs using Guid(5e16f05cb8b3dd642a09e9809dcd9b22) Importer(815301076,1909f56bfc062723c751e8b465ee728b)  -> (artifact id: '5d369d2621b778a892becda210e32836') in 0.000434 seconds
Number of updated asset objects reloaded before import = 0
Number of asset objects unloaded after import = 0
========================================================================
Received Import Request.
  Time since last request: 9.330274 seconds.
  path: Assets/CustomRP/Examples/PerObjectMaterialProperties.cs
  artifactKey: Guid(5e16f05cb8b3dd642a09e9809dcd9b22) Importer(815301076,1909f56bfc062723c751e8b465ee728b)
Start importing Assets/CustomRP/Examples/PerObjectMaterialProperties.cs using Guid(5e16f05cb8b3dd642a09e9809dcd9b22) Importer(815301076,1909f56bfc062723c751e8b465ee728b)  -> (artifact id: '4b2761609ed04d7c8da59fd04f9c006d') in 0.000466 seconds
Number of updated asset objects reloaded before import = 0
Number of asset objects unloaded after import = 0
========================================================================
Received Import Request.
  Time since last request: 22.064159 seconds.
  path: Assets/CustomRP/Examples/PerObjectMaterialProperties.cs
  artifactKey: Guid(5e16f05cb8b3dd642a09e9809dcd9b22) Importer(815301076,1909f56bfc062723c751e8b465ee728b)
Start importing Assets/CustomRP/Examples/PerObjectMaterialProperties.cs using Guid(5e16f05cb8b3dd642a09e9809dcd9b22) Importer(815301076,1909f56bfc062723c751e8b465ee728b)  -> (artifact id: '91d049011d9e4409aee34a10fc393e35') in 0.000501 seconds
Number of updated asset objects reloaded before import = 0
Number of asset objects unloaded after import = 0
========================================================================
Received Import Request.
  Time since last request: 15.846754 seconds.
  path: Assets/CustomRP/Examples/PerObjectMaterialProperties.cs
  artifactKey: Guid(5e16f05cb8b3dd642a09e9809dcd9b22) Importer(815301076,1909f56bfc062723c751e8b465ee728b)
Start importing Assets/CustomRP/Examples/PerObjectMaterialProperties.cs using Guid(5e16f05cb8b3dd642a09e9809dcd9b22) Importer(815301076,1909f56bfc062723c751e8b465ee728b)  -> (artifact id: '66157016f6ac2638f61e55ce6fe8ed03') in 0.000650 seconds
Number of updated asset objects reloaded before import = 0
Number of asset objects unloaded after import = 0
========================================================================
Received Prepare
Begin MonoManager ReloadAssembly
Symbol file LoadedFromMemory doesn't match image D:\Study\TAProjectAll2_\CustomSRP\My project\Library\PackageCache\com.unity.visualscripting@1.8.0\Editor\VisualScripting.Core\Dependencies\YamlDotNet\Unity.VisualScripting.YamlDotNet.dll
Symbol file LoadedFromMemory doesn't match image D:\Study\TAProjectAll2_\CustomSRP\My project\Library\PackageCache\com.unity.visualscripting@1.8.0\Editor\VisualScripting.Core\Dependencies\DotNetZip\Unity.VisualScripting.IonicZip.dll
- Loaded All Assemblies, in  0.777 seconds
Refreshing native plugins compatible for Editor in 2.99 ms, found 3 plugins.
Native extension for WindowsStandalone target not found
Mono: successfully reloaded assembly
- Finished resetting the current domain, in  0.962 seconds
Domain Reload Profiling: 1739ms
	BeginReloadAssembly (192ms)
		ExecutionOrderSort (0ms)
		DisableScriptedObjects (4ms)
		BackupInstance (0ms)
		ReleaseScriptingObjects (0ms)
		CreateAndSetChildDomain (40ms)
	RebuildCommonClasses (33ms)
	RebuildNativeTypeToScriptingClass (12ms)
	initialDomainReloadingComplete (26ms)
	LoadAllAssembliesAndSetupDomain (515ms)
		LoadAssemblies (324ms)
		RebuildTransferFunctionScriptingTraits (0ms)
		AnalyzeDomain (306ms)
			TypeCache.Refresh (298ms)
				TypeCache.ScanAssembly (286ms)
			ScanForSourceGeneratedMonoScriptInfo (3ms)
			ResolveRequiredComponents (5ms)
	FinalizeReload (963ms)
		ReleaseScriptCaches (0ms)
		RebuildScriptCaches (0ms)
		SetupLoadedEditorAssemblies (412ms)
			LogAssemblyErrors (0ms)
			InitializePlatformSupportModulesInManaged (5ms)
			SetLoadedEditorAssemblies (5ms)
			RefreshPlugins (0ms)
			BeforeProcessingInitializeOnLoad (94ms)
			ProcessInitializeOnLoadAttributes (235ms)
			ProcessInitializeOnLoadMethodAttributes (68ms)
			AfterProcessingInitializeOnLoad (3ms)
			EditorAssembliesLoaded (0ms)
		ExecutionOrderSort2 (0ms)
		AwakeInstancesAfterBackupRestoration (8ms)
Refreshing native plugins compatible for Editor in 2.97 ms, found 3 plugins.
Preloading 0 native plugins for Editor in 0.00 ms.
Unloading 3418 Unused Serialized files (Serialized files now loaded: 0)
Unloading 29 unused Assets / (316.9 KB). Loaded Objects now: 3913.
Memory consumption went from 123.6 MB to 123.2 MB.
Total: 2.978300 ms (FindLiveObjects: 0.241700 ms CreateObjectMapping: 0.202300 ms MarkObjects: 2.452600 ms  DeleteObjects: 0.081000 ms)

Prepare: number of updated asset objects reloaded= 0
AssetImportParameters requested are different than current active one (requested -> active):
  custom:container-demuxer-ogg: 62fdf1f143b41e24485cea50d1cbac27 -> 
  custom:video-codec-MediaFoundation-h265: 746d11721c4dcdbdad8f713fa42b33f4 -> 
  custom:video-decoder-ogg-theora: a1e56fd34408186e4bbccfd4996cb3dc -> 
  custom:framework-win-MediaFoundation: 216162199b28c13a410421893ffa2e32 -> 
  custom:CustomObjectIndexerAttribute: 756ad292c208cfabdd7b50bc23989ffe -> 
  custom:container-demuxer-webm: 4f35f7cbe854078d1ac9338744f61a02 -> 
  custom:container-muxer-webm: aa71ff27fc2769a1b78a27578f13a17b -> 
  custom:video-decoder-webm-vp8: 9c59270c3fd7afecdb556c50c9e8de78 -> 
  custom:AudioImporter_EditorPlatform: d09bf68614088b80899f8185d706f6e7 -> 
  custom:video-encoder-webm-vp8: eb34c28f22e8b96e1ab97ce403110664 -> 
  custom:audio-decoder-ogg-vorbis: bf7c407c2cedff20999df2af8eb42d56 -> 
  custom:audio-encoder-webm-vorbis: bf7c407c2cedff20999df2af8eb42d56 -> 
========================================================================
Received Prepare
Begin MonoManager ReloadAssembly
Symbol file LoadedFromMemory doesn't match image D:\Study\TAProjectAll2_\CustomSRP\My project\Library\PackageCache\com.unity.visualscripting@1.8.0\Editor\VisualScripting.Core\Dependencies\YamlDotNet\Unity.VisualScripting.YamlDotNet.dll
Symbol file LoadedFromMemory doesn't match image D:\Study\TAProjectAll2_\CustomSRP\My project\Library\PackageCache\com.unity.visualscripting@1.8.0\Editor\VisualScripting.Core\Dependencies\DotNetZip\Unity.VisualScripting.IonicZip.dll
- Loaded All Assemblies, in  0.757 seconds
Refreshing native plugins compatible for Editor in 2.97 ms, found 3 plugins.
Native extension for WindowsStandalone target not found
Mono: successfully reloaded assembly
- Finished resetting the current domain, in  0.946 seconds
Domain Reload Profiling: 1703ms
	BeginReloadAssembly (183ms)
		ExecutionOrderSort (0ms)
		DisableScriptedObjects (5ms)
		BackupInstance (0ms)
		ReleaseScriptingObjects (0ms)
		CreateAndSetChildDomain (35ms)
	RebuildCommonClasses (37ms)
	RebuildNativeTypeToScriptingClass (11ms)
	initialDomainReloadingComplete (25ms)
	LoadAllAssembliesAndSetupDomain (500ms)
		LoadAssemblies (325ms)
		RebuildTransferFunctionScriptingTraits (0ms)
		AnalyzeDomain (286ms)
			TypeCache.Refresh (277ms)
				TypeCache.ScanAssembly (264ms)
			ScanForSourceGeneratedMonoScriptInfo (4ms)
			ResolveRequiredComponents (5ms)
	FinalizeReload (947ms)
		ReleaseScriptCaches (0ms)
		RebuildScriptCaches (0ms)
		SetupLoadedEditorAssemblies (422ms)
			LogAssemblyErrors (0ms)
			InitializePlatformSupportModulesInManaged (6ms)
			SetLoadedEditorAssemblies (5ms)
			RefreshPlugins (0ms)
			BeforeProcessingInitializeOnLoad (100ms)
			ProcessInitializeOnLoadAttributes (233ms)
			ProcessInitializeOnLoadMethodAttributes (76ms)
			AfterProcessingInitializeOnLoad (3ms)
			EditorAssembliesLoaded (0ms)
		ExecutionOrderSort2 (0ms)
		AwakeInstancesAfterBackupRestoration (9ms)
Refreshing native plugins compatible for Editor in 3.03 ms, found 3 plugins.
Preloading 0 native plugins for Editor in 0.00 ms.
Unloading 3419 Unused Serialized files (Serialized files now loaded: 0)
Unloading 29 unused Assets / (317.0 KB). Loaded Objects now: 3916.
Memory consumption went from 123.8 MB to 123.5 MB.
Total: 3.558300 ms (FindLiveObjects: 0.257200 ms CreateObjectMapping: 0.217400 ms MarkObjects: 2.992200 ms  DeleteObjects: 0.090700 ms)

Prepare: number of updated asset objects reloaded= 0
AssetImportParameters requested are different than current active one (requested -> active):
  custom:container-demuxer-ogg: 62fdf1f143b41e24485cea50d1cbac27 -> 
  custom:video-codec-MediaFoundation-h265: 746d11721c4dcdbdad8f713fa42b33f4 -> 
  custom:video-decoder-ogg-theora: a1e56fd34408186e4bbccfd4996cb3dc -> 
  custom:framework-win-MediaFoundation: 216162199b28c13a410421893ffa2e32 -> 
  custom:CustomObjectIndexerAttribute: 756ad292c208cfabdd7b50bc23989ffe -> 
  custom:container-demuxer-webm: 4f35f7cbe854078d1ac9338744f61a02 -> 
  custom:container-muxer-webm: aa71ff27fc2769a1b78a27578f13a17b -> 
  custom:video-decoder-webm-vp8: 9c59270c3fd7afecdb556c50c9e8de78 -> 
  custom:AudioImporter_EditorPlatform: d09bf68614088b80899f8185d706f6e7 -> 
  custom:video-encoder-webm-vp8: eb34c28f22e8b96e1ab97ce403110664 -> 
  custom:audio-decoder-ogg-vorbis: bf7c407c2cedff20999df2af8eb42d56 -> 
  custom:audio-encoder-webm-vorbis: bf7c407c2cedff20999df2af8eb42d56 -> 
========================================================================
Received Prepare
Begin MonoManager ReloadAssembly
Symbol file LoadedFromMemory doesn't match image D:\Study\TAProjectAll2_\CustomSRP\My project\Library\PackageCache\com.unity.visualscripting@1.8.0\Editor\VisualScripting.Core\Dependencies\YamlDotNet\Unity.VisualScripting.YamlDotNet.dll
Symbol file LoadedFromMemory doesn't match image D:\Study\TAProjectAll2_\CustomSRP\My project\Library\PackageCache\com.unity.visualscripting@1.8.0\Editor\VisualScripting.Core\Dependencies\DotNetZip\Unity.VisualScripting.IonicZip.dll
- Loaded All Assemblies, in  0.780 seconds
Refreshing native plugins compatible for Editor in 4.13 ms, found 3 plugins.
Native extension for WindowsStandalone target not found
Mono: successfully reloaded assembly
- Finished resetting the current domain, in  0.935 seconds
Domain Reload Profiling: 1714ms
	BeginReloadAssembly (198ms)
		ExecutionOrderSort (0ms)
		DisableScriptedObjects (4ms)
		BackupInstance (0ms)
		ReleaseScriptingObjects (0ms)
		CreateAndSetChildDomain (45ms)
	RebuildCommonClasses (33ms)
	RebuildNativeTypeToScriptingClass (16ms)
	initialDomainReloadingComplete (28ms)
	LoadAllAssembliesAndSetupDomain (505ms)
		LoadAssemblies (321ms)
		RebuildTransferFunctionScriptingTraits (0ms)
		AnalyzeDomain (299ms)
			TypeCache.Refresh (285ms)
				TypeCache.ScanAssembly (275ms)
			ScanForSourceGeneratedMonoScriptInfo (6ms)
			ResolveRequiredComponents (8ms)
	FinalizeReload (935ms)
		ReleaseScriptCaches (0ms)
		RebuildScriptCaches (0ms)
		SetupLoadedEditorAssemblies (421ms)
			LogAssemblyErrors (0ms)
			InitializePlatformSupportModulesInManaged (5ms)
			SetLoadedEditorAssemblies (5ms)
			RefreshPlugins (0ms)
			BeforeProcessingInitializeOnLoad (94ms)
			ProcessInitializeOnLoadAttributes (244ms)
			ProcessInitializeOnLoadMethodAttributes (69ms)
			AfterProcessingInitializeOnLoad (3ms)
			EditorAssembliesLoaded (0ms)
		ExecutionOrderSort2 (0ms)
		AwakeInstancesAfterBackupRestoration (8ms)
Refreshing native plugins compatible for Editor in 2.91 ms, found 3 plugins.
Preloading 0 native plugins for Editor in 0.00 ms.
Unloading 3419 Unused Serialized files (Serialized files now loaded: 0)
Unloading 29 unused Assets / (317.0 KB). Loaded Objects now: 3919.
Memory consumption went from 123.8 MB to 123.5 MB.
Total: 3.245200 ms (FindLiveObjects: 0.240100 ms CreateObjectMapping: 0.149600 ms MarkObjects: 2.773800 ms  DeleteObjects: 0.080900 ms)

Prepare: number of updated asset objects reloaded= 0
AssetImportParameters requested are different than current active one (requested -> active):
  custom:container-demuxer-ogg: 62fdf1f143b41e24485cea50d1cbac27 -> 
  custom:video-codec-MediaFoundation-h265: 746d11721c4dcdbdad8f713fa42b33f4 -> 
  custom:video-decoder-ogg-theora: a1e56fd34408186e4bbccfd4996cb3dc -> 
  custom:framework-win-MediaFoundation: 216162199b28c13a410421893ffa2e32 -> 
  custom:CustomObjectIndexerAttribute: 756ad292c208cfabdd7b50bc23989ffe -> 
  custom:container-demuxer-webm: 4f35f7cbe854078d1ac9338744f61a02 -> 
  custom:container-muxer-webm: aa71ff27fc2769a1b78a27578f13a17b -> 
  custom:video-decoder-webm-vp8: 9c59270c3fd7afecdb556c50c9e8de78 -> 
  custom:AudioImporter_EditorPlatform: d09bf68614088b80899f8185d706f6e7 -> 
  custom:video-encoder-webm-vp8: eb34c28f22e8b96e1ab97ce403110664 -> 
  custom:audio-decoder-ogg-vorbis: bf7c407c2cedff20999df2af8eb42d56 -> 
  custom:audio-encoder-webm-vorbis: bf7c407c2cedff20999df2af8eb42d56 -> 
========================================================================
Received Import Request.
  Time since last request: 1673.407651 seconds.
  path: Assets/ShaderLibrary/Common.hlsl
  artifactKey: Guid(e8bddefeaf46e7c49a1edec1e821170a) Importer(815301076,1909f56bfc062723c751e8b465ee728b)
Start importing Assets/ShaderLibrary/Common.hlsl using Guid(e8bddefeaf46e7c49a1edec1e821170a) Importer(815301076,1909f56bfc062723c751e8b465ee728b)  -> (artifact id: 'e3f94b537f8f42347b1cb15752ab6a30') in 0.005783 seconds
Number of updated asset objects reloaded before import = 1
Number of asset objects unloaded after import = 1
========================================================================
Received Import Request.
  Time since last request: 434.831718 seconds.
  path: Assets/ShaderLibrary/UnityInput.hlsl
  artifactKey: Guid(0ede74cbe0b3c724ebcc25f1a2fb5362) Importer(815301076,1909f56bfc062723c751e8b465ee728b)
Start importing Assets/ShaderLibrary/UnityInput.hlsl using Guid(0ede74cbe0b3c724ebcc25f1a2fb5362) Importer(815301076,1909f56bfc062723c751e8b465ee728b)  -> (artifact id: '4562b21cafe32c0305d5f98163a1fc8d') in 0.000983 seconds
Number of updated asset objects reloaded before import = 1
Number of asset objects unloaded after import = 1
========================================================================
Received Import Request.
  Time since last request: 112.815665 seconds.
  path: Assets/Shaders/UnlitPass.hlsl
  artifactKey: Guid(9170b3e567b439f49ad4c0d74427f61d) Importer(815301076,1909f56bfc062723c751e8b465ee728b)
Start importing Assets/Shaders/UnlitPass.hlsl using Guid(9170b3e567b439f49ad4c0d74427f61d) Importer(815301076,1909f56bfc062723c751e8b465ee728b)  -> (artifact id: 'b400443eace60a69e001dca83967c1ca') in 0.001512 seconds
Number of updated asset objects reloaded before import = 1
Number of asset objects unloaded after import = 1
========================================================================
Received Import Request.
  Time since last request: 49.034494 seconds.
  path: Assets/CustomRP/Examples/MeshBall.cs
  artifactKey: Guid(a11a36df2bd279d44a25768a4b8fc732) Importer(815301076,1909f56bfc062723c751e8b465ee728b)
Start importing Assets/CustomRP/Examples/MeshBall.cs using Guid(a11a36df2bd279d44a25768a4b8fc732) Importer(815301076,1909f56bfc062723c751e8b465ee728b)  -> (artifact id: '025bb69bdc1946cad9555ca30285b008') in 0.000480 seconds
Number of updated asset objects reloaded before import = 0
Number of asset objects unloaded after import = 0
========================================================================
Received Prepare
Begin MonoManager ReloadAssembly
Symbol file LoadedFromMemory doesn't match image D:\Study\TAProjectAll2_\CustomSRP\My project\Library\PackageCache\com.unity.visualscripting@1.8.0\Editor\VisualScripting.Core\Dependencies\YamlDotNet\Unity.VisualScripting.YamlDotNet.dll
Symbol file LoadedFromMemory doesn't match image D:\Study\TAProjectAll2_\CustomSRP\My project\Library\PackageCache\com.unity.visualscripting@1.8.0\Editor\VisualScripting.Core\Dependencies\DotNetZip\Unity.VisualScripting.IonicZip.dll
- Loaded All Assemblies, in  0.783 seconds
Refreshing native plugins compatible for Editor in 3.13 ms, found 3 plugins.
Native extension for WindowsStandalone target not found
Mono: successfully reloaded assembly
- Finished resetting the current domain, in  0.921 seconds
Domain Reload Profiling: 1703ms
	BeginReloadAssembly (185ms)
		ExecutionOrderSort (0ms)
		DisableScriptedObjects (5ms)
		BackupInstance (0ms)
		ReleaseScriptingObjects (0ms)
		CreateAndSetChildDomain (42ms)
	RebuildCommonClasses (45ms)
	RebuildNativeTypeToScriptingClass (16ms)
	initialDomainReloadingComplete (27ms)
	LoadAllAssembliesAndSetupDomain (509ms)
		LoadAssemblies (331ms)
		RebuildTransferFunctionScriptingTraits (0ms)
		AnalyzeDomain (285ms)
			TypeCache.Refresh (276ms)
				TypeCache.ScanAssembly (265ms)
			ScanForSourceGeneratedMonoScriptInfo (4ms)
			ResolveRequiredComponents (5ms)
	FinalizeReload (921ms)
		ReleaseScriptCaches (0ms)
		RebuildScriptCaches (0ms)
		SetupLoadedEditorAssemblies (391ms)
			LogAssemblyErrors (0ms)
			InitializePlatformSupportModulesInManaged (6ms)
			SetLoadedEditorAssemblies (6ms)
			RefreshPlugins (0ms)
			BeforeProcessingInitializeOnLoad (92ms)
			ProcessInitializeOnLoadAttributes (220ms)
			ProcessInitializeOnLoadMethodAttributes (63ms)
			AfterProcessingInitializeOnLoad (5ms)
			EditorAssembliesLoaded (0ms)
		ExecutionOrderSort2 (0ms)
		AwakeInstancesAfterBackupRestoration (8ms)
Refreshing native plugins compatible for Editor in 2.85 ms, found 3 plugins.
Preloading 0 native plugins for Editor in 0.00 ms.
Unloading 3419 Unused Serialized files (Serialized files now loaded: 0)
Unloading 29 unused Assets / (316.9 KB). Loaded Objects now: 3923.
Memory consumption went from 123.6 MB to 123.3 MB.
Total: 3.389700 ms (FindLiveObjects: 0.251000 ms CreateObjectMapping: 0.213800 ms MarkObjects: 2.829300 ms  DeleteObjects: 0.094800 ms)

Prepare: number of updated asset objects reloaded= 0
AssetImportParameters requested are different than current active one (requested -> active):
  custom:container-demuxer-ogg: 62fdf1f143b41e24485cea50d1cbac27 -> 
  custom:video-codec-MediaFoundation-h265: 746d11721c4dcdbdad8f713fa42b33f4 -> 
  custom:video-decoder-ogg-theora: a1e56fd34408186e4bbccfd4996cb3dc -> 
  custom:framework-win-MediaFoundation: 216162199b28c13a410421893ffa2e32 -> 
  custom:CustomObjectIndexerAttribute: 756ad292c208cfabdd7b50bc23989ffe -> 
  custom:container-demuxer-webm: 4f35f7cbe854078d1ac9338744f61a02 -> 
  custom:container-muxer-webm: aa71ff27fc2769a1b78a27578f13a17b -> 
  custom:video-decoder-webm-vp8: 9c59270c3fd7afecdb556c50c9e8de78 -> 
  custom:AudioImporter_EditorPlatform: d09bf68614088b80899f8185d706f6e7 -> 
  custom:video-encoder-webm-vp8: eb34c28f22e8b96e1ab97ce403110664 -> 
  custom:audio-decoder-ogg-vorbis: bf7c407c2cedff20999df2af8eb42d56 -> 
  custom:audio-encoder-webm-vorbis: bf7c407c2cedff20999df2af8eb42d56 -> 
========================================================================
Received Import Request.
  Time since last request: 76.374511 seconds.
  path: Assets/CustomRP/Examples/MeshBall.cs
  artifactKey: Guid(a11a36df2bd279d44a25768a4b8fc732) Importer(815301076,1909f56bfc062723c751e8b465ee728b)
Start importing Assets/CustomRP/Examples/MeshBall.cs using Guid(a11a36df2bd279d44a25768a4b8fc732) Importer(815301076,1909f56bfc062723c751e8b465ee728b)  -> (artifact id: 'd31e9e862055239c909fb1c0226223ee') in 0.004264 seconds
Number of updated asset objects reloaded before import = 0
Number of asset objects unloaded after import = 0
========================================================================
Received Import Request.
  Time since last request: 24.784014 seconds.
  path: Assets/CustomRP/Examples/MeshBall.cs
  artifactKey: Guid(a11a36df2bd279d44a25768a4b8fc732) Importer(815301076,1909f56bfc062723c751e8b465ee728b)
Start importing Assets/CustomRP/Examples/MeshBall.cs using Guid(a11a36df2bd279d44a25768a4b8fc732) Importer(815301076,1909f56bfc062723c751e8b465ee728b)  -> (artifact id: '69baf0b692abdd71a9c5e00cbd8de7be') in 0.000482 seconds
Number of updated asset objects reloaded before import = 0
Number of asset objects unloaded after import = 0
========================================================================
Received Import Request.
  Time since last request: 16.331095 seconds.
  path: Assets/CustomRP/Examples/MeshBall.cs
  artifactKey: Guid(a11a36df2bd279d44a25768a4b8fc732) Importer(815301076,1909f56bfc062723c751e8b465ee728b)
Start importing Assets/CustomRP/Examples/MeshBall.cs using Guid(a11a36df2bd279d44a25768a4b8fc732) Importer(815301076,1909f56bfc062723c751e8b465ee728b)  -> (artifact id: '5c1a26757207c48ad97106b8c20416e1') in 0.000950 seconds
Number of updated asset objects reloaded before import = 0
Number of asset objects unloaded after import = 0
========================================================================
Received Import Request.
  Time since last request: 21.352412 seconds.
  path: Assets/CustomRP/Examples/MeshBall.cs
  artifactKey: Guid(a11a36df2bd279d44a25768a4b8fc732) Importer(815301076,1909f56bfc062723c751e8b465ee728b)
Start importing Assets/CustomRP/Examples/MeshBall.cs using Guid(a11a36df2bd279d44a25768a4b8fc732) Importer(815301076,1909f56bfc062723c751e8b465ee728b)  -> (artifact id: 'cc8082511d6727a82c4eee5c2bdccead') in 0.000425 seconds
Number of updated asset objects reloaded before import = 0
Number of asset objects unloaded after import = 0
========================================================================
Received Import Request.
  Time since last request: 16.551434 seconds.
  path: Assets/CustomRP/Examples/MeshBall.cs
  artifactKey: Guid(a11a36df2bd279d44a25768a4b8fc732) Importer(815301076,1909f56bfc062723c751e8b465ee728b)
Start importing Assets/CustomRP/Examples/MeshBall.cs using Guid(a11a36df2bd279d44a25768a4b8fc732) Importer(815301076,1909f56bfc062723c751e8b465ee728b)  -> (artifact id: '4570f10f9022937221477683225c3c05') in 0.000657 seconds
Number of updated asset objects reloaded before import = 0
Number of asset objects unloaded after import = 0
========================================================================
Received Import Request.
  Time since last request: 4.291627 seconds.
  path: Assets/CustomRP/Examples/MeshBall.cs
  artifactKey: Guid(a11a36df2bd279d44a25768a4b8fc732) Importer(815301076,1909f56bfc062723c751e8b465ee728b)
Start importing Assets/CustomRP/Examples/MeshBall.cs using Guid(a11a36df2bd279d44a25768a4b8fc732) Importer(815301076,1909f56bfc062723c751e8b465ee728b)  -> (artifact id: 'c0e06ea65c9cc12db05b923217e2c939') in 0.000495 seconds
Number of updated asset objects reloaded before import = 0
Number of asset objects unloaded after import = 0
========================================================================
Received Import Request.
  Time since last request: 11.733899 seconds.
  path: Assets/CustomRP/Examples/MeshBall.cs
  artifactKey: Guid(a11a36df2bd279d44a25768a4b8fc732) Importer(815301076,1909f56bfc062723c751e8b465ee728b)
Start importing Assets/CustomRP/Examples/MeshBall.cs using Guid(a11a36df2bd279d44a25768a4b8fc732) Importer(815301076,1909f56bfc062723c751e8b465ee728b)  -> (artifact id: '8ecbc2944cbbdaddbec998337ecff1d5') in 0.000411 seconds
Number of updated asset objects reloaded before import = 0
Number of asset objects unloaded after import = 0
========================================================================
Received Import Request.
  Time since last request: 92.823582 seconds.
  path: Assets/CustomRP/Examples/MeshBall.cs
  artifactKey: Guid(a11a36df2bd279d44a25768a4b8fc732) Importer(815301076,1909f56bfc062723c751e8b465ee728b)
Start importing Assets/CustomRP/Examples/MeshBall.cs using Guid(a11a36df2bd279d44a25768a4b8fc732) Importer(815301076,1909f56bfc062723c751e8b465ee728b)  -> (artifact id: 'bab177ae941b90a5cc12a5d5821dad5a') in 0.000415 seconds
Number of updated asset objects reloaded before import = 0
Number of asset objects unloaded after import = 0
========================================================================
Received Import Request.
  Time since last request: 23.799523 seconds.
  path: Assets/CustomRP/Examples/MeshBall.cs
  artifactKey: Guid(a11a36df2bd279d44a25768a4b8fc732) Importer(815301076,1909f56bfc062723c751e8b465ee728b)
Start importing Assets/CustomRP/Examples/MeshBall.cs using Guid(a11a36df2bd279d44a25768a4b8fc732) Importer(815301076,1909f56bfc062723c751e8b465ee728b)  -> (artifact id: '195aca5b2c9c0daf5932f77413802f38') in 0.000493 seconds
Number of updated asset objects reloaded before import = 0
Number of asset objects unloaded after import = 0
========================================================================
Received Import Request.
  Time since last request: 4.589751 seconds.
  path: Assets/CustomRP/Examples/MeshBall.cs
  artifactKey: Guid(a11a36df2bd279d44a25768a4b8fc732) Importer(815301076,1909f56bfc062723c751e8b465ee728b)
Start importing Assets/CustomRP/Examples/MeshBall.cs using Guid(a11a36df2bd279d44a25768a4b8fc732) Importer(815301076,1909f56bfc062723c751e8b465ee728b)  -> (artifact id: '6efff07b03b803b941f774a5361c0087') in 0.000457 seconds
Number of updated asset objects reloaded before import = 0
Number of asset objects unloaded after import = 0
========================================================================
Received Import Request.
  Time since last request: 12.810215 seconds.
  path: Assets/CustomRP/Examples/MeshBall.cs
  artifactKey: Guid(a11a36df2bd279d44a25768a4b8fc732) Importer(815301076,1909f56bfc062723c751e8b465ee728b)
Start importing Assets/CustomRP/Examples/MeshBall.cs using Guid(a11a36df2bd279d44a25768a4b8fc732) Importer(815301076,1909f56bfc062723c751e8b465ee728b)  -> (artifact id: '2328e57be1c6f4fc348e6f817c427202') in 0.000503 seconds
Number of updated asset objects reloaded before import = 0
Number of asset objects unloaded after import = 0
========================================================================
Received Import Request.
  Time since last request: 18.428632 seconds.
  path: Assets/CustomRP/Examples/MeshBall.cs
  artifactKey: Guid(a11a36df2bd279d44a25768a4b8fc732) Importer(815301076,1909f56bfc062723c751e8b465ee728b)
Start importing Assets/CustomRP/Examples/MeshBall.cs using Guid(a11a36df2bd279d44a25768a4b8fc732) Importer(815301076,1909f56bfc062723c751e8b465ee728b)  -> (artifact id: '9aca271bf12fefa54cfcf96ab25b6134') in 0.000450 seconds
Number of updated asset objects reloaded before import = 0
Number of asset objects unloaded after import = 0
========================================================================
Received Import Request.
  Time since last request: 14.522985 seconds.
  path: Assets/CustomRP/Examples/MeshBall.cs
  artifactKey: Guid(a11a36df2bd279d44a25768a4b8fc732) Importer(815301076,1909f56bfc062723c751e8b465ee728b)
Start importing Assets/CustomRP/Examples/MeshBall.cs using Guid(a11a36df2bd279d44a25768a4b8fc732) Importer(815301076,1909f56bfc062723c751e8b465ee728b)  -> (artifact id: '9a677d93522ad6aaa1c170dc9c35b177') in 0.000426 seconds
Number of updated asset objects reloaded before import = 0
Number of asset objects unloaded after import = 0
========================================================================
Received Import Request.
  Time since last request: 29.012392 seconds.
  path: Assets/CustomRP/Examples/MeshBall.cs
  artifactKey: Guid(a11a36df2bd279d44a25768a4b8fc732) Importer(815301076,1909f56bfc062723c751e8b465ee728b)
Start importing Assets/CustomRP/Examples/MeshBall.cs using Guid(a11a36df2bd279d44a25768a4b8fc732) Importer(815301076,1909f56bfc062723c751e8b465ee728b)  -> (artifact id: 'cc93d8d82ab1358938f75a57ef93e43b') in 0.000637 seconds
Number of updated asset objects reloaded before import = 0
Number of asset objects unloaded after import = 0
========================================================================
Received Prepare
Begin MonoManager ReloadAssembly
Symbol file LoadedFromMemory doesn't match image D:\Study\TAProjectAll2_\CustomSRP\My project\Library\PackageCache\com.unity.visualscripting@1.8.0\Editor\VisualScripting.Core\Dependencies\YamlDotNet\Unity.VisualScripting.YamlDotNet.dll
Symbol file LoadedFromMemory doesn't match image D:\Study\TAProjectAll2_\CustomSRP\My project\Library\PackageCache\com.unity.visualscripting@1.8.0\Editor\VisualScripting.Core\Dependencies\DotNetZip\Unity.VisualScripting.IonicZip.dll
- Loaded All Assemblies, in  0.798 seconds
Refreshing native plugins compatible for Editor in 3.25 ms, found 3 plugins.
Native extension for WindowsStandalone target not found
Mono: successfully reloaded assembly
- Finished resetting the current domain, in  0.909 seconds
Domain Reload Profiling: 1707ms
	BeginReloadAssembly (194ms)
		ExecutionOrderSort (0ms)
		DisableScriptedObjects (5ms)
		BackupInstance (0ms)
		ReleaseScriptingObjects (0ms)
		CreateAndSetChildDomain (36ms)
	RebuildCommonClasses (35ms)
	RebuildNativeTypeToScriptingClass (12ms)
	initialDomainReloadingComplete (29ms)
	LoadAllAssembliesAndSetupDomain (528ms)
		LoadAssemblies (332ms)
		RebuildTransferFunctionScriptingTraits (0ms)
		AnalyzeDomain (318ms)
			TypeCache.Refresh (309ms)
				TypeCache.ScanAssembly (297ms)
			ScanForSourceGeneratedMonoScriptInfo (4ms)
			ResolveRequiredComponents (5ms)
	FinalizeReload (910ms)
		ReleaseScriptCaches (0ms)
		RebuildScriptCaches (0ms)
		SetupLoadedEditorAssemblies (405ms)
			LogAssemblyErrors (0ms)
			InitializePlatformSupportModulesInManaged (6ms)
			SetLoadedEditorAssemblies (5ms)
			RefreshPlugins (0ms)
			BeforeProcessingInitializeOnLoad (98ms)
			ProcessInitializeOnLoadAttributes (223ms)
			ProcessInitializeOnLoadMethodAttributes (69ms)
			AfterProcessingInitializeOnLoad (4ms)
			EditorAssembliesLoaded (0ms)
		ExecutionOrderSort2 (0ms)
		AwakeInstancesAfterBackupRestoration (8ms)
Refreshing native plugins compatible for Editor in 2.91 ms, found 3 plugins.
Preloading 0 native plugins for Editor in 0.00 ms.
Unloading 3419 Unused Serialized files (Serialized files now loaded: 0)
Unloading 29 unused Assets / (316.9 KB). Loaded Objects now: 3926.
Memory consumption went from 123.6 MB to 123.3 MB.
Total: 3.179600 ms (FindLiveObjects: 0.238100 ms CreateObjectMapping: 0.173600 ms MarkObjects: 2.681800 ms  DeleteObjects: 0.085300 ms)

Prepare: number of updated asset objects reloaded= 0
AssetImportParameters requested are different than current active one (requested -> active):
  custom:container-demuxer-ogg: 62fdf1f143b41e24485cea50d1cbac27 -> 
  custom:video-codec-MediaFoundation-h265: 746d11721c4dcdbdad8f713fa42b33f4 -> 
  custom:video-decoder-ogg-theora: a1e56fd34408186e4bbccfd4996cb3dc -> 
  custom:framework-win-MediaFoundation: 216162199b28c13a410421893ffa2e32 -> 
  custom:CustomObjectIndexerAttribute: 756ad292c208cfabdd7b50bc23989ffe -> 
  custom:container-demuxer-webm: 4f35f7cbe854078d1ac9338744f61a02 -> 
  custom:container-muxer-webm: aa71ff27fc2769a1b78a27578f13a17b -> 
  custom:video-decoder-webm-vp8: 9c59270c3fd7afecdb556c50c9e8de78 -> 
  custom:AudioImporter_EditorPlatform: d09bf68614088b80899f8185d706f6e7 -> 
  custom:video-encoder-webm-vp8: eb34c28f22e8b96e1ab97ce403110664 -> 
  custom:audio-decoder-ogg-vorbis: bf7c407c2cedff20999df2af8eb42d56 -> 
  custom:audio-encoder-webm-vorbis: bf7c407c2cedff20999df2af8eb42d56 -> 
========================================================================
Received Import Request.
  Time since last request: 50.806826 seconds.
  path: Assets/Scenes/Scene2/Unlit.mat
  artifactKey: Guid(c5df8a700b925e74e899a717371c940b) Importer(815301076,1909f56bfc062723c751e8b465ee728b)
Start importing Assets/Scenes/Scene2/Unlit.mat using Guid(c5df8a700b925e74e899a717371c940b) Importer(815301076,1909f56bfc062723c751e8b465ee728b)  -> (artifact id: '1d170d04d30bf36c90a5dc7758cd5769') in 0.003381 seconds
Number of updated asset objects reloaded before import = 0
Number of asset objects unloaded after import = 1
========================================================================
Received Prepare
Begin MonoManager ReloadAssembly
Symbol file LoadedFromMemory doesn't match image D:\Study\TAProjectAll2_\CustomSRP\My project\Library\PackageCache\com.unity.visualscripting@1.8.0\Editor\VisualScripting.Core\Dependencies\YamlDotNet\Unity.VisualScripting.YamlDotNet.dll
Symbol file LoadedFromMemory doesn't match image D:\Study\TAProjectAll2_\CustomSRP\My project\Library\PackageCache\com.unity.visualscripting@1.8.0\Editor\VisualScripting.Core\Dependencies\DotNetZip\Unity.VisualScripting.IonicZip.dll
- Loaded All Assemblies, in  0.743 seconds
Refreshing native plugins compatible for Editor in 4.04 ms, found 3 plugins.
Native extension for WindowsStandalone target not found
Mono: successfully reloaded assembly
- Finished resetting the current domain, in  1.013 seconds
Domain Reload Profiling: 1755ms
	BeginReloadAssembly (191ms)
		ExecutionOrderSort (0ms)
		DisableScriptedObjects (8ms)
		BackupInstance (0ms)
		ReleaseScriptingObjects (0ms)
		CreateAndSetChildDomain (37ms)
	RebuildCommonClasses (34ms)
	RebuildNativeTypeToScriptingClass (11ms)
	initialDomainReloadingComplete (29ms)
	LoadAllAssembliesAndSetupDomain (477ms)
		LoadAssemblies (317ms)
		RebuildTransferFunctionScriptingTraits (0ms)
		AnalyzeDomain (273ms)
			TypeCache.Refresh (268ms)
				TypeCache.ScanAssembly (257ms)
			ScanForSourceGeneratedMonoScriptInfo (0ms)
			ResolveRequiredComponents (5ms)
	FinalizeReload (1013ms)
		ReleaseScriptCaches (0ms)
		RebuildScriptCaches (0ms)
		SetupLoadedEditorAssemblies (449ms)
			LogAssemblyErrors (0ms)
			InitializePlatformSupportModulesInManaged (7ms)
			SetLoadedEditorAssemblies (6ms)
			RefreshPlugins (0ms)
			BeforeProcessingInitializeOnLoad (101ms)
			ProcessInitializeOnLoadAttributes (260ms)
			ProcessInitializeOnLoadMethodAttributes (72ms)
			AfterProcessingInitializeOnLoad (3ms)
			EditorAssembliesLoaded (0ms)
		ExecutionOrderSort2 (0ms)
		AwakeInstancesAfterBackupRestoration (9ms)
Refreshing native plugins compatible for Editor in 3.00 ms, found 3 plugins.
Preloading 0 native plugins for Editor in 0.00 ms.
Unloading 3419 Unused Serialized files (Serialized files now loaded: 0)
Unloading 29 unused Assets / (316.9 KB). Loaded Objects now: 3929.
Memory consumption went from 123.6 MB to 123.3 MB.
Total: 3.262500 ms (FindLiveObjects: 0.259800 ms CreateObjectMapping: 0.232300 ms MarkObjects: 2.681200 ms  DeleteObjects: 0.088200 ms)

Prepare: number of updated asset objects reloaded= 0
AssetImportParameters requested are different than current active one (requested -> active):
  custom:container-demuxer-ogg: 62fdf1f143b41e24485cea50d1cbac27 -> 
  custom:video-codec-MediaFoundation-h265: 746d11721c4dcdbdad8f713fa42b33f4 -> 
  custom:video-decoder-ogg-theora: a1e56fd34408186e4bbccfd4996cb3dc -> 
  custom:framework-win-MediaFoundation: 216162199b28c13a410421893ffa2e32 -> 
  custom:CustomObjectIndexerAttribute: 756ad292c208cfabdd7b50bc23989ffe -> 
  custom:container-demuxer-webm: 4f35f7cbe854078d1ac9338744f61a02 -> 
  custom:container-muxer-webm: aa71ff27fc2769a1b78a27578f13a17b -> 
  custom:video-decoder-webm-vp8: 9c59270c3fd7afecdb556c50c9e8de78 -> 
  custom:AudioImporter_EditorPlatform: d09bf68614088b80899f8185d706f6e7 -> 
  custom:video-encoder-webm-vp8: eb34c28f22e8b96e1ab97ce403110664 -> 
  custom:audio-decoder-ogg-vorbis: bf7c407c2cedff20999df2af8eb42d56 -> 
  custom:audio-encoder-webm-vorbis: bf7c407c2cedff20999df2af8eb42d56 -> 
========================================================================
Received Import Request.
  Time since last request: 428.743698 seconds.
  path: Assets/CustomRP/Runtime/CameraRenderer.Editor.cs
  artifactKey: Guid(749c4b0759ec6094eb83e6d5439a88ab) Importer(815301076,1909f56bfc062723c751e8b465ee728b)
Start importing Assets/CustomRP/Runtime/CameraRenderer.Editor.cs using Guid(749c4b0759ec6094eb83e6d5439a88ab) Importer(815301076,1909f56bfc062723c751e8b465ee728b)  -> (artifact id: '6b02178a71454b9e609f7bdd8c23b248') in 0.002677 seconds
Number of updated asset objects reloaded before import = 0
Number of asset objects unloaded after import = 0
========================================================================
Received Import Request.
  Time since last request: 0.482032 seconds.
  path: Assets/CustomRP/Runtime/CameraRenderer.cs
  artifactKey: Guid(79a58c033d3037d4d80cf3f5f8cdb8be) Importer(815301076,1909f56bfc062723c751e8b465ee728b)
Start importing Assets/CustomRP/Runtime/CameraRenderer.cs using Guid(79a58c033d3037d4d80cf3f5f8cdb8be) Importer(815301076,1909f56bfc062723c751e8b465ee728b)  -> (artifact id: '71f87ec94ddc6fd35c2c23a22bdc4781') in 0.000562 seconds
Number of updated asset objects reloaded before import = 0
Number of asset objects unloaded after import = 0
========================================================================
Received Import Request.
  Time since last request: 53.500347 seconds.
  path: Assets/CustomRP/Runtime/CustomRenderPineAsset.cs
  artifactKey: Guid(4c07118349a476345b089dc4dbef5acb) Importer(815301076,1909f56bfc062723c751e8b465ee728b)
Start importing Assets/CustomRP/Runtime/CustomRenderPineAsset.cs using Guid(4c07118349a476345b089dc4dbef5acb) Importer(815301076,1909f56bfc062723c751e8b465ee728b)  -> (artifact id: '06cb33908f6b5ca85cdb017589b92295') in 0.000459 seconds
Number of updated asset objects reloaded before import = 0
Number of asset objects unloaded after import = 0
========================================================================
Received Import Request.
  Time since last request: 14.571826 seconds.
  path: Assets/CustomRP/Runtime/CustomRenderPineAsset.cs
  artifactKey: Guid(4c07118349a476345b089dc4dbef5acb) Importer(815301076,1909f56bfc062723c751e8b465ee728b)
Start importing Assets/CustomRP/Runtime/CustomRenderPineAsset.cs using Guid(4c07118349a476345b089dc4dbef5acb) Importer(815301076,1909f56bfc062723c751e8b465ee728b)  -> (artifact id: '769a2a8f840cddfd1587a34436cff797') in 0.000441 seconds
Number of updated asset objects reloaded before import = 0
Number of asset objects unloaded after import = 0
========================================================================
Received Prepare
Begin MonoManager ReloadAssembly
Symbol file LoadedFromMemory doesn't match image D:\Study\TAProjectAll2_\CustomSRP\My project\Library\PackageCache\com.unity.visualscripting@1.8.0\Editor\VisualScripting.Core\Dependencies\YamlDotNet\Unity.VisualScripting.YamlDotNet.dll
Symbol file LoadedFromMemory doesn't match image D:\Study\TAProjectAll2_\CustomSRP\My project\Library\PackageCache\com.unity.visualscripting@1.8.0\Editor\VisualScripting.Core\Dependencies\DotNetZip\Unity.VisualScripting.IonicZip.dll
- Loaded All Assemblies, in  0.785 seconds
Refreshing native plugins compatible for Editor in 2.99 ms, found 3 plugins.
The file 'MemoryStream' is corrupted! Remove it and launch unity again!
[Position out of bounds!]
Fatal Error! The file 'MemoryStream' is corrupted! Remove it and launch unity again!
[Position out of bounds!]
Crash!!!
SymInit: Symbol-SearchPath: 'D:/Program Files/Unity/Hub/Editor/2022.3.5f1/Editor/Data/Mono;.;D:\Study\TAProjectAll2_\CustomSRP\My project;D:\Study\TAProjectAll2_\CustomSRP\My project\Library\BurstCache\JIT;D:\Program Files\Unity\Hub\Editor\2022.3.5f1\Editor;C:\WINDOWS;C:\WINDOWS\system32;', symOptions: 534, UserName: 'SSYu'
OS-Version: 10.0.0
D:\Program Files\Unity\Hub\Editor\2022.3.5f1\Editor\Unity.exe:Unity.exe (00007FF6D0810000), size: 82223104 (result: 0), SymType: '-deferred-', PDB: '', fileVersion: 2022.3.5.29734
C:\WINDOWS\SYSTEM32\ntdll.dll:ntdll.dll (00007FF885370000), size: 2064384 (result: 0), SymType: '-deferred-', PDB: '', fileVersion: 10.0.19041.3155
C:\WINDOWS\System32\KERNEL32.DLL:KERNEL32.DLL (00007FF883970000), size: 782336 (result: 0), SymType: '-deferred-', PDB: '', fileVersion: 10.0.19041.3155
C:\WINDOWS\System32\KERNELBASE.dll:KERNELBASE.dll (00007FF8830A0000), size: 3104768 (result: 0), SymType: '-deferred-', PDB: '', fileVersion: 10.0.19041.3155
C:\WINDOWS\System32\CRYPT32.dll:CRYPT32.dll (00007FF882A80000), size: 1433600 (result: 0), SymType: '-deferred-', PDB: '', fileVersion: 10.0.19041.3208
C:\WINDOWS\System32\ucrtbase.dll:ucrtbase.dll (00007FF882BE0000), size: 1048576 (result: 0), SymType: '-deferred-', PDB: '', fileVersion: 10.0.19041.789
C:\WINDOWS\System32\USER32.dll:USER32.dll (00007FF883D30000), size: 1691648 (result: 0), SymType: '-deferred-', PDB: '', fileVersion: 10.0.19041.2788
C:\WINDOWS\System32\win32u.dll:win32u.dll (00007FF882A50000), size: 139264 (result: 0), SymType: '-deferred-', PDB: '', fileVersion: 10.0.19041.3208
C:\WINDOWS\System32\GDI32.dll:GDI32.dll (00007FF883BD0000), size: 180224 (result: 0), SymType: '-deferred-', PDB: '', fileVersion: 10.0.19041.2913
C:\WINDOWS\System32\gdi32full.dll:gdi32full.dll (00007FF882EE0000), size: 1134592 (result: 0), SymType: '-deferred-', PDB: '', fileVersion: 10.0.19041.2913
C:\WINDOWS\System32\msvcp_win.dll:msvcp_win.dll (00007FF883000000), size: 643072 (result: 0), SymType: '-deferred-', PDB: '', fileVersion: 10.0.19041.789
C:\WINDOWS\System32\ADVAPI32.dll:ADVAPI32.dll (00007FF883ED0000), size: 716800 (result: 0), SymType: '-deferred-', PDB: '', fileVersion: 10.0.19041.2913
C:\WINDOWS\System32\msvcrt.dll:msvcrt.dll (00007FF885060000), size: 647168 (result: 0), SymType: '-deferred-', PDB: '', fileVersion: 7.0.19041.546
C:\WINDOWS\System32\sechost.dll:sechost.dll (00007FF884D00000), size: 638976 (result: 0), SymType: '-deferred-', PDB: '', fileVersion: 10.0.19041.2913
D:\Program Files\Unity\Hub\Editor\2022.3.5f1\Editor\libfbxsdk.dll:libfbxsdk.dll (00007FF82EAF0000), size: 10067968 (result: 0), SymType: '-deferred-', PDB: '', fileVersion: 2020.3.3.0
D:\Program Files\Unity\Hub\Editor\2022.3.5f1\Editor\s3tcompress.dll:s3tcompress.dll (00007FF879D80000), size: 180224 (result: 0), SymType: '-deferred-', PDB: ''
C:\WINDOWS\System32\RPCRT4.dll:RPCRT4.dll (00007FF883C00000), size: 1204224 (result: 0), SymType: '-deferred-', PDB: '', fileVersion: 10.0.19041.3208
D:\Program Files\Unity\Hub\Editor\2022.3.5f1\Editor\etccompress.dll:etccompress.dll (00007FF82F650000), size: 5066752 (result: 0), SymType: '-deferred-', PDB: ''
C:\WINDOWS\System32\SHELL32.dll:SHELL32.dll (00007FF883F80000), size: 7618560 (result: 0), SymType: '-deferred-', PDB: '', fileVersion: 10.0.19041.3208
D:\Program Files\Unity\Hub\Editor\2022.3.5f1\Editor\ispc_texcomp.dll:ispc_texcomp.dll (00007FF82F490000), size: 1826816 (result: 0), SymType: '-deferred-', PDB: ''
D:\Program Files\Unity\Hub\Editor\2022.3.5f1\Editor\compress_bc7e.dll:compress_bc7e.dll (00007FF833CC0000), size: 1433600 (result: 0), SymType: '-deferred-', PDB: ''
C:\WINDOWS\System32\SHLWAPI.dll:SHLWAPI.dll (00007FF884750000), size: 348160 (result: 0), SymType: '-deferred-', PDB: '', fileVersion: 10.0.19041.2075
C:\WINDOWS\System32\ole32.dll:ole32.dll (00007FF885100000), size: 1220608 (result: 0), SymType: '-deferred-', PDB: '', fileVersion: 10.0.19041.2965
C:\WINDOWS\System32\combase.dll:combase.dll (00007FF8848B0000), size: 3489792 (result: 0), SymType: '-deferred-', PDB: '', fileVersion: 10.0.19041.2788
C:\WINDOWS\System32\IMM32.dll:IMM32.dll (00007FF8852A0000), size: 196608 (result: 0), SymType: '-deferred-', PDB: '', fileVersion: 10.0.19041.2673
D:\Program Files\Unity\Hub\Editor\2022.3.5f1\Editor\FreeImage.dll:FreeImage.dll (0000000180000000), size: 6582272 (result: 0), SymType: '-deferred-', PDB: '', fileVersion: 3.18.0.0
C:\WINDOWS\System32\SETUPAPI.dll:SETUPAPI.dll (00007FF8833D0000), size: 4644864 (result: 0), SymType: '-deferred-', PDB: '', fileVersion: 10.0.19041.3155
D:\Program Files\Unity\Hub\Editor\2022.3.5f1\Editor\WinPixEventRuntime.dll:WinPixEventRuntime.dll (00007FF87BB40000), size: 45056 (result: 0), SymType: '-deferred-', PDB: '', fileVersion: 1.0.1812.6001
C:\WINDOWS\System32\cfgmgr32.dll:cfgmgr32.dll (00007FF882D90000), size: 319488 (result: 0), SymType: '-deferred-', PDB: '', fileVersion: 10.0.19041.3155
C:\WINDOWS\System32\bcrypt.dll:bcrypt.dll (00007FF8833A0000), size: 159744 (result: 0), SymType: '-deferred-', PDB: '', fileVersion: 10.0.19041.3208
C:\WINDOWS\System32\WS2_32.dll:WS2_32.dll (00007FF885230000), size: 438272 (result: 0), SymType: '-deferred-', PDB: '', fileVersion: 10.0.19041.546
D:\Program Files\Unity\Hub\Editor\2022.3.5f1\Editor\umbraoptimizer64.dll:umbraoptimizer64.dll (00007FF82E9C0000), size: 1187840 (result: 0), SymType: '-deferred-', PDB: ''
C:\WINDOWS\System32\OLEAUT32.dll:OLEAUT32.dll (00007FF8847D0000), size: 839680 (result: 0), SymType: '-deferred-', PDB: '', fileVersion: 10.0.19041.3208
C:\WINDOWS\System32\WINTRUST.dll:WINTRUST.dll (00007FF882E70000), size: 421888 (result: 0), SymType: '-deferred-', PDB: '', fileVersion: 10.0.19041.2913
C:\WINDOWS\SYSTEM32\OPENGL32.dll:OPENGL32.dll (00007FF839950000), size: 1200128 (result: 0), SymType: '-deferred-', PDB: '', fileVersion: 10.0.19041.2193
C:\WINDOWS\SYSTEM32\GLU32.dll:GLU32.dll (00007FF8724C0000), size: 180224 (result: 0), SymType: '-deferred-', PDB: '', fileVersion: 10.0.19041.2193
C:\WINDOWS\SYSTEM32\IPHLPAPI.DLL:IPHLPAPI.DLL (00007FF881E90000), size: 245760 (result: 0), SymType: '-deferred-', PDB: '', fileVersion: 10.0.19041.2788
C:\WINDOWS\SYSTEM32\WINHTTP.dll:WINHTTP.dll (00007FF8785A0000), size: 1089536 (result: 0), SymType: '-deferred-', PDB: '', fileVersion: 10.0.19041.3031
C:\WINDOWS\SYSTEM32\dwmapi.dll:dwmapi.dll (00007FF880250000), size: 192512 (result: 0), SymType: '-deferred-', PDB: '', fileVersion: 10.0.19041.746
C:\WINDOWS\SYSTEM32\WINMM.dll:WINMM.dll (00007FF876750000), size: 159744 (result: 0), SymType: '-deferred-', PDB: '', fileVersion: 10.0.19041.546
D:\Program Files\Unity\Hub\Editor\2022.3.5f1\Editor\SketchUpAPI.dll:SketchUpAPI.dll (00007FF82E120000), size: 8990720 (result: 0), SymType: '-deferred-', PDB: '', fileVersion: 23.0.0.0
C:\WINDOWS\SYSTEM32\HID.DLL:HID.DLL (00007FF881260000), size: 53248 (result: 0), SymType: '-deferred-', PDB: '', fileVersion: 10.0.19041.546
C:\WINDOWS\SYSTEM32\VERSION.dll:VERSION.dll (00007FF8786F0000), size: 40960 (result: 0), SymType: '-deferred-', PDB: '', fileVersion: 10.0.19041.546
C:\WINDOWS\SYSTEM32\WSOCK32.dll:WSOCK32.dll (00007FF87FF50000), size: 36864 (result: 0), SymType: '-deferred-', PDB: '', fileVersion: 10.0.19041.1
C:\WINDOWS\SYSTEM32\MSVCP140.dll:MSVCP140.dll (00007FF845240000), size: 581632 (result: 0), SymType: '-deferred-', PDB: '', fileVersion: 14.34.31931.0
C:\WINDOWS\SYSTEM32\VCRUNTIME140.dll:VCRUNTIME140.dll (00007FF87BB70000), size: 110592 (result: 0), SymType: '-deferred-', PDB: '', fileVersion: 14.34.31931.0
D:\Program Files\Unity\Hub\Editor\2022.3.5f1\Editor\SketchUpCommonPreferences.dll:SketchUpCommonPreferences.dll (00007FF848B10000), size: 499712 (result: 0), SymType: '-deferred-', PDB: '', fileVersion: 23.0.0.0
C:\WINDOWS\SYSTEM32\VCRUNTIME140_1.dll:VCRUNTIME140_1.dll (00007FF87FEE0000), size: 49152 (result: 0), SymType: '-deferred-', PDB: '', fileVersion: 14.34.31931.0
C:\WINDOWS\SYSTEM32\Secur32.dll:Secur32.dll (00007FF8696C0000), size: 49152 (result: 0), SymType: '-deferred-', PDB: '', fileVersion: 10.0.19041.546
C:\WINDOWS\SYSTEM32\SSPICLI.DLL:SSPICLI.DLL (00007FF882900000), size: 204800 (result: 0), SymType: '-deferred-', PDB: '', fileVersion: 10.0.19041.2130
D:\Program Files\Unity\Hub\Editor\2022.3.5f1\Editor\OpenRL.dll:OpenRL.dll (00000226B0590000), size: 12779520 (result: 0), SymType: '-deferred-', PDB: '', fileVersion: 1.5.0.2907
D:\Program Files\Unity\Hub\Editor\2022.3.5f1\Editor\embree.dll:embree.dll (00007FF8279D0000), size: 16711680 (result: 0), SymType: '-deferred-', PDB: '', fileVersion: 2.14.0.0
C:\WINDOWS\SYSTEM32\MSVCR100.dll:MSVCR100.dll (0000000060AC0000), size: 860160 (result: 0), SymType: '-deferred-', PDB: '', fileVersion: 10.0.40219.1
C:\WINDOWS\SYSTEM32\MSVCP100.dll:MSVCP100.dll (0000000060A20000), size: 622592 (result: 0), SymType: '-deferred-', PDB: '', fileVersion: 10.0.40219.1
C:\WINDOWS\SYSTEM32\MSWSOCK.DLL:MSWSOCK.DLL (00007FF8821F0000), size: 434176 (result: 0), SymType: '-deferred-', PDB: '', fileVersion: 10.0.19041.546
D:\Program Files\Unity\Hub\Editor\2022.3.5f1\Editor\tbb.dll:tbb.dll (00007FF848AA0000), size: 413696 (result: 0), SymType: '-deferred-', PDB: '', fileVersion: 2017.0.2016.1004
C:\WINDOWS\SYSTEM32\MSVCP120.dll:MSVCP120.dll (00007FF83B810000), size: 679936 (result: 0), SymType: '-deferred-', PDB: '', fileVersion: 12.0.40664.0
C:\WINDOWS\SYSTEM32\MSVCR120.dll:MSVCR120.dll (00007FF834F40000), size: 978944 (result: 0), SymType: '-deferred-', PDB: '', fileVersion: 12.0.40664.0
D:\Program Files\Unity\Hub\Editor\2022.3.5f1\Editor\OpenRL_pthread.dll:OpenRL_pthread.dll (00000226B0470000), size: 61440 (result: 0), SymType: '-deferred-', PDB: '', fileVersion: 2.9.0.0
C:\WINDOWS\SYSTEM32\MSASN1.dll:MSASN1.dll (00007FF882620000), size: 73728 (result: 0), SymType: '-deferred-', PDB: '', fileVersion: 10.0.19041.2251
C:\WINDOWS\System32\bcryptprimitives.dll:bcryptprimitives.dll (00007FF882DE0000), size: 532480 (result: 0), SymType: '-deferred-', PDB: '', fileVersion: 10.0.19041.2486
C:\WINDOWS\SYSTEM32\kernel.appcore.dll:kernel.appcore.dll (00007FF881270000), size: 73728 (result: 0), SymType: '-deferred-', PDB: '', fileVersion: 10.0.19041.546
C:\WINDOWS\system32\uxtheme.dll:uxtheme.dll (00007FF880070000), size: 647168 (result: 0), SymType: '-deferred-', PDB: '', fileVersion: 10.0.19041.2193
C:\WINDOWS\SYSTEM32\windows.storage.dll:windows.storage.dll (00007FF880AC0000), size: 7946240 (result: 0), SymType: '-deferred-', PDB: '', fileVersion: 10.0.19041.3208
C:\WINDOWS\SYSTEM32\Wldp.dll:Wldp.dll (00007FF882490000), size: 188416 (result: 0), SymType: '-deferred-', PDB: '', fileVersion: 10.0.19041.2788
C:\WINDOWS\System32\SHCORE.dll:SHCORE.dll (00007FF884DA0000), size: 708608 (result: 0), SymType: '-deferred-', PDB: '', fileVersion: 10.0.19041.1865
C:\WINDOWS\SYSTEM32\profapi.dll:profapi.dll (00007FF882980000), size: 151552 (result: 0), SymType: '-deferred-', PDB: '', fileVersion: 10.0.19041.3155
C:\WINDOWS\system32\IconCodecService.dll:IconCodecService.dll (00007FF879D50000), size: 36864 (result: 0), SymType: '-deferred-', PDB: '', fileVersion: 10.0.19041.1
C:\WINDOWS\SYSTEM32\WindowsCodecs.dll:WindowsCodecs.dll (00007FF87C4F0000), size: 1785856 (result: 0), SymType: '-deferred-', PDB: '', fileVersion: 10.0.19041.1706
C:\WINDOWS\System32\netprofm.dll:netprofm.dll (00007FF87C6D0000), size: 258048 (result: 0), SymType: '-deferred-', PDB: '', fileVersion: 10.0.19041.3031
C:\WINDOWS\System32\npmproxy.dll:npmproxy.dll (00007FF877FD0000), size: 65536 (result: 0), SymType: '-deferred-', PDB: '', fileVersion: 10.0.19041.3031
C:\WINDOWS\System32\NSI.dll:NSI.dll (00007FF884CF0000), size: 32768 (result: 0), SymType: '-deferred-', PDB: '', fileVersion: 10.0.19041.610
C:\WINDOWS\SYSTEM32\dhcpcsvc6.DLL:dhcpcsvc6.DLL (00007FF877580000), size: 94208 (result: 0), SymType: '-deferred-', PDB: '', fileVersion: 10.0.19041.2673
C:\WINDOWS\SYSTEM32\dhcpcsvc.DLL:dhcpcsvc.DLL (00007FF8775C0000), size: 118784 (result: 0), SymType: '-deferred-', PDB: '', fileVersion: 10.0.19041.2673
C:\WINDOWS\SYSTEM32\DNSAPI.dll:DNSAPI.dll (00007FF881ED0000), size: 827392 (result: 0), SymType: '-deferred-', PDB: '', fileVersion: 10.0.19041.3031
C:\WINDOWS\system32\napinsp.dll:napinsp.dll (00007FF87A020000), size: 94208 (result: 0), SymType: '-deferred-', PDB: '', fileVersion: 10.0.19041.546
C:\WINDOWS\system32\pnrpnsp.dll:pnrpnsp.dll (00007FF87BDC0000), size: 110592 (result: 0), SymType: '-deferred-', PDB: '', fileVersion: 10.0.19041.546
C:\WINDOWS\system32\wshbth.dll:wshbth.dll (00007FF87CB60000), size: 86016 (result: 0), SymType: '-deferred-', PDB: '', fileVersion: 10.0.19041.546
C:\WINDOWS\system32\NLAapi.dll:NLAapi.dll (00007FF87D880000), size: 118784 (result: 0), SymType: '-deferred-', PDB: '', fileVersion: 10.0.19041.3031
C:\WINDOWS\System32\winrnr.dll:winrnr.dll (00007FF87BEA0000), size: 73728 (result: 0), SymType: '-deferred-', PDB: '', fileVersion: 10.0.19041.546
C:\WINDOWS\System32\fwpuclnt.dll:fwpuclnt.dll (00007FF874920000), size: 532480 (result: 0), SymType: '-deferred-', PDB: '', fileVersion: 10.0.19041.3155
C:\Windows\System32\rasadhlp.dll:rasadhlp.dll (00007FF878800000), size: 40960 (result: 0), SymType: '-deferred-', PDB: '', fileVersion: 10.0.19041.546
D:\Program Files\Unity\Hub\Editor\2022.3.5f1\Editor\NVUnityPlugin.DLL:NVUnityPlugin.DLL (00007FF8345B0000), size: 1519616 (result: 0), SymType: '-deferred-', PDB: ''
D:\Program Files\Unity\Hub\Editor\2022.3.5f1\Editor\Data\Tools\astcenc-avx2.dll:astcenc-avx2.dll (00007FF830D40000), size: 540672 (result: 0), SymType: '-deferred-', PDB: ''
C:\WINDOWS\SYSTEM32\d3d11.dll:d3d11.dll (00007FF87ECB0000), size: 2502656 (result: 0), SymType: '-deferred-', PDB: '', fileVersion: 10.0.19041.2913
C:\WINDOWS\SYSTEM32\dxgi.dll:dxgi.dll (00007FF8812E0000), size: 995328 (result: 0), SymType: '-deferred-', PDB: '', fileVersion: 10.0.19041.2311
C:\WINDOWS\System32\DriverStore\FileRepository\nvltig.inf_amd64_367559c9b44e92db\nvldumdx.dll:nvldumdx.dll (00007FF878480000), size: 774144 (result: 0), SymType: '-deferred-', PDB: '', fileVersion: 31.0.15.3141
C:\WINDOWS\SYSTEM32\cryptnet.dll:cryptnet.dll (00007FF87A430000), size: 200704 (result: 0), SymType: '-deferred-', PDB: '', fileVersion: 10.0.19041.906
C:\WINDOWS\SYSTEM32\drvstore.dll:drvstore.dll (00007FF877890000), size: 1343488 (result: 0), SymType: '-deferred-', PDB: '', fileVersion: 10.0.19041.2546
C:\WINDOWS\SYSTEM32\devobj.dll:devobj.dll (00007FF8827E0000), size: 208896 (result: 0), SymType: '-deferred-', PDB: '', fileVersion: 10.0.19041.3155
C:\WINDOWS\SYSTEM32\cryptbase.dll:cryptbase.dll (00007FF882400000), size: 49152 (result: 0), SymType: '-deferred-', PDB: '', fileVersion: 10.0.19041.546
C:\WINDOWS\System32\imagehlp.dll:imagehlp.dll (00007FF8847B0000), size: 118784 (result: 0), SymType: '-deferred-', PDB: '', fileVersion: 10.0.19041.1415
C:\WINDOWS\SYSTEM32\CRYPTSP.dll:CRYPTSP.dll (00007FF8823E0000), size: 98304 (result: 0), SymType: '-deferred-', PDB: '', fileVersion: 10.0.19041.546
C:\WINDOWS\system32\rsaenh.dll:rsaenh.dll (00007FF881AA0000), size: 212992 (result: 0), SymType: '-deferred-', PDB: '', fileVersion: 10.0.19041.1052
C:\WINDOWS\System32\DriverStore\FileRepository\nvltig.inf_amd64_367559c9b44e92db\nvwgf2umx.dll:nvwgf2umx.dll (00007FF86C0F0000), size: 88608768 (result: 0), SymType: '-deferred-', PDB: '', fileVersion: 31.0.15.3141
C:\WINDOWS\System32\DriverStore\FileRepository\nvltig.inf_amd64_367559c9b44e92db\Display.NvContainer\MessageBus.dll:MessageBus.dll (00007FF85FD80000), size: 7565312 (result: 0), SymType: '-deferred-', PDB: '', fileVersion: 1.22.2758.1620
C:\WINDOWS\SYSTEM32\dxcore.dll:dxcore.dll (00007FF8795A0000), size: 241664 (result: 0), SymType: '-deferred-', PDB: '', fileVersion: 10.0.19041.546
C:\WINDOWS\system32\wbem\wbemprox.dll:wbemprox.dll (00007FF877020000), size: 69632 (result: 0), SymType: '-deferred-', PDB: '', fileVersion: 10.0.19041.1320
C:\WINDOWS\SYSTEM32\wbemcomn.dll:wbemcomn.dll (00007FF875E30000), size: 589824 (result: 0), SymType: '-deferred-', PDB: '', fileVersion: 10.0.19041.1566
C:\WINDOWS\system32\wbem\wbemsvc.dll:wbemsvc.dll (00007FF8756E0000), size: 81920 (result: 0), SymType: '-deferred-', PDB: '', fileVersion: 10.0.19041.1320
C:\WINDOWS\system32\wbem\fastprox.dll:fastprox.dll (00007FF875700000), size: 1093632 (result: 0), SymType: '-deferred-', PDB: '', fileVersion: 10.0.19041.546
C:\WINDOWS\SYSTEM32\amsi.dll:amsi.dll (00007FF86B230000), size: 126976 (result: 0), SymType: '-deferred-', PDB: '', fileVersion: 10.0.19041.2075
D:\Program Files\Unity\Hub\Editor\2022.3.5f1\Editor\cudart64_90.dll:cudart64_90.dll (00007FF84B940000), size: 397312 (result: 0), SymType: '-deferred-', PDB: '', fileVersion: 6.14.11.9000
C:\WINDOWS\SYSTEM32\opencl.dll:opencl.dll (00007FF833EC0000), size: 1490944 (result: 0), SymType: '-deferred-', PDB: '', fileVersion: 3.0.3.0
D:\Program Files\Unity\Hub\Editor\2022.3.5f1\Editor\radeonrays.dll:radeonrays.dll (00007FF833E30000), size: 557056 (result: 0), SymType: '-deferred-', PDB: ''
D:\Program Files\Unity\Hub\Editor\2022.3.5f1\Editor\Data\MonoBleedingEdge\EmbedRuntime\mono-2.0-bdwgc.dll:mono-2.0-bdwgc.dll (00007FF8316D0000), size: 10682368 (result: 0), SymType: '-deferred-', PDB: ''
C:\WINDOWS\SYSTEM32\dbghelp.dll:dbghelp.dll (00007FF880690000), size: 1982464 (result: 0), SymType: '-deferred-', PDB: '', fileVersion: 10.0.19041.867

========== OUTPUTTING STACK TRACE ==================

0x00007FF8830CCF19 (KERNELBASE) RaiseException
0x00007FF6D23B77B3 (Unity) EditorMonoConsole::LogToConsoleImplementation
0x00007FF6D23B81F3 (Unity) EditorMonoConsole::LogToConsoleImplementation
0x00007FF6D306E50F (Unity) DebugStringToFilePostprocessedStacktrace
0x00007FF6D306DC6D (Unity) DebugStringToFile
0x00007FF6D15E8D42 (Unity) CachedReader::OutOfBoundsError
0x00007FF6D15E9D54 (Unity) CachedReader::UpdateReadCache
0x00007FF6D1949F31 (Unity) Transfer_Blittable_SingleValueField<StreamedBinaryRead,signed char>
0x00007FF6D18A0186 (Unity) ExecuteSerializationCommands<JSONRead>
0x00007FF6D18BA6C8 (Unity) <lambda_580fa16bd23d18c3e466e7b58feca0a1>::operator()
0x00007FF6D18B4701 (Unity) TransferScriptingObject<StreamedBinaryRead>
0x00007FF6D18B6039 (Unity) SerializableManagedRefTransfer::TransferScriptingObjectWithSerializedRefSupport<StreamedBinaryRead>
0x00007FF6D18CDDB6 (Unity) SerializableManagedRefTransfer::TransferBinaryInstanceOnly
0x00007FF6D18A1CFF (Unity) SerializableManagedRefTransfer::RestoreBackupImpl<SerializableManagedRefBackupGenerator>
0x00007FF6D18A1B25 (Unity) SerializableManagedRefTransfer::RestoreBackup<SerializableManagedRefBackupGenerator>
0x00007FF6D1974426 (Unity) SerializableManagedRefsUtilities::RestoreBackups
0x00007FF6D18C0B2F (Unity) MonoManager::FinalizeReload
0x00007FF6D2CA6FDA (Unity) ScriptingInitializer::FinalizeReload
0x00007FF6D28554EB (Unity) LoadUserAssemblies
0x00007FF6D2D55855 (Unity) <lambda_b37b41f03089e3cb3f55061bbc93253d>::operator()
0x00007FF6D2D8F1D2 (Unity) asio::detail::completion_handler<core::mutable_function<void __cdecl(void)>,asio::io_context::basic_executor_type<std::allocator<void>,0> >::do_complete
0x00007FF6D2D7B17E (Unity) asio::detail::win_iocp_io_context::do_one
0x00007FF6D2D7CDE4 (Unity) asio::detail::win_iocp_io_context::run
0x00007FF6D2D8D57C (Unity) IOService::Run
0x00007FF6D2D61D3F (Unity) AssetImportWorkerClient::Run
0x00007FF6D2D2CA27 (Unity) RunAssetImportWorkerClientV2
0x00007FF6D2D2CAAB (Unity) RunAssetImporterV2
0x00007FF6D25312C1 (Unity) Application::InitializeProject
0x00007FF6D29B6575 (Unity) WinMain
0x00007FF6D3DA133E (Unity) __scrt_common_main_seh
0x00007FF883987614 (KERNEL32) BaseThreadInitThunk
0x00007FF8853C26B1 (ntdll) RtlUserThreadStart

========== END OF STACKTRACE ===========

A crash has been intercepted by the crash handler. For call stack and other details, see the latest crash report generated in:
 * C:/Users/10729/AppData/Local/Temp/Unity/Editor/Crashes
